This file contains any messages produced by compilers while
running configure, to aid debugging if configure makes a mistake.

It was created by jq configure 1.7.1-27-g913b264-dirty, which was
generated by GNU Autoconf 2.71.  Invocation command line was

  $ ./configure --no-create --no-recursion

## --------- ##
## Platform. ##
## --------- ##

hostname = MSI
uname -m = x86_64
uname -r = 5.15.133.1-microsoft-standard-WSL2
uname -s = Linux
uname -v = #1 SMP Thu Oct 5 21:02:42 UTC 2023

/usr/bin/uname -p = x86_64
/bin/uname -X     = unknown

/bin/arch              = x86_64
/usr/bin/arch -k       = unknown
/usr/convex/getsysinfo = unknown
/usr/bin/hostinfo      = unknown
/bin/machine           = unknown
/usr/bin/oslevel       = unknown
/bin/universe          = unknown

PATH: /home/rubio/.opam/cs3110-2024winter/bin/
PATH: /home/rubio/../../usr/local/clang+llvm-16.0.4-x86_64-linux-gnu-ubuntu-22.04/bin/
PATH: /home/rubio/.deno/bin/
PATH: /home/rubio/.sdkman/candidates/gradle/current/bin/
PATH: /home/rubio/egos/riscv64-unknown-elf-gcc-8.3.0-2020.04.1-x86_64-linux-ubuntu14/bin/
PATH: /home/rubio/.cargo/bin/
PATH: /bin/
PATH: /usr/local/sbin/
PATH: /usr/local/bin/
PATH: /usr/sbin/
PATH: /usr/bin/
PATH: /sbin/
PATH: /bin/
PATH: /usr/games/
PATH: /usr/local/games/
PATH: /usr/lib/wsl/lib/
PATH: /mnt/c/Ruby31-x64/bin/
PATH: /mnt/c/Program Files/Common Files/Oracle/Java/javapath/
PATH: /mnt/c/Program Files (x86)/Common Files/Oracle/Java/javapath/
PATH: /mnt/c/Program Files/Microsoft MPI/Bin/
PATH: /mnt/c/Windows/system32/
PATH: /mnt/c/Windows/
PATH: /mnt/c/Windows/System32/Wbem/
PATH: /mnt/c/Windows/System32/WindowsPowerShell/v1.0/
PATH: /mnt/c/Windows/System32/OpenSSH/
PATH: /mnt/c/Program Files/Microsoft SQL Server/130/Tools/Binn/
PATH: /mnt/c/ProgramData/chocolatey/bin/
PATH: /mnt/c/WINDOWS/system32/
PATH: /mnt/c/WINDOWS/
PATH: /mnt/c/WINDOWS/System32/Wbem/
PATH: /mnt/c/WINDOWS/System32/WindowsPowerShell/v1.0/
PATH: /mnt/c/WINDOWS/System32/OpenSSH/
PATH: /mnt/c/Program Files/dotnet/
PATH: /mnt/c/Program Files/Git/cmd/
PATH: /mnt/c/Program Files/Java/jdk-19/bin/
PATH: /mnt/c/Program Files/Graphviz/bin/
PATH: /mnt/c/Users/rubio/.cargo/bin/
PATH: /mnt/c/Users/rubio/AppData/Local/Programs/Python/Python310/Scripts/
PATH: /mnt/c/Users/rubio/AppData/Local/Programs/Python/Python310/
PATH: /mnt/c/Users/rubio/AppData/Local/Microsoft/WindowsApps/
PATH: /mnt/c/Users/rubio/.dotnet/tools/
PATH: /mnt/c/Users/rubio/AppData/Local/Programs/MiKTeX/miktex/bin/x64/
PATH: /mnt/c/ffmpeg/bin/
PATH: /mnt/c/Users/rubio/AppData/Local/JetBrains/Toolbox/scripts/
PATH: /mnt/c/MinG/
PATH: /mnt/c/WINDOWS/system32/
PATH: /mnt/c/WINDOWS/
PATH: /mnt/c/WINDOWS/System32/Wbem/
PATH: /mnt/c/WINDOWS/System32/WindowsPowerShell/v1.0/
PATH: /mnt/c/WINDOWS/System32/OpenSSH/
PATH: /mnt/c/Users/rubio/jflex-1.8.2/bin/
PATH: /mnt/c/Program Files/Common Files/Oracle/Java/javapath/
PATH: /mnt/c/Program Files/Docker/Docker/resources/bin/
PATH: /mnt/c/Program Files/nodejs/
PATH: /mnt/c/Program Files/Amazon/AWSCLIV2/
PATH: /mnt/c/Users/rubio/AppData/Local/Programs/Python/Python311/Scripts/
PATH: /mnt/c/Users/rubio/AppData/Local/Programs/Python/Python311/
PATH: /mnt/c/Users/rubio/.cargo/bin/
PATH: /mnt/c/Users/rubio/AppData/Local/Microsoft/WindowsApps/
PATH: /mnt/c/Users/rubio/.dotnet/tools/
PATH: /mnt/c/Users/rubio/AppData/Local/Programs/MiKTeX/miktex/bin/x64/
PATH: /mnt/c/ffmpeg/bin/
PATH: /mnt/c/Users/rubio/AppData/Local/JetBrains/Toolbox/scripts/
PATH: /mnt/c/Users/rubio/.dotnet/tools/
PATH: /mnt/c/MinGW/bin/
PATH: /mnt/c/Users/rubio/AppData/Local/Programs/Microsoft VS Code/bin/
PATH: /mnt/c/Program Files/Java/jdk-19/bin/
PATH: /mnt/c/iverilog/bin/
PATH: /mnt/c/iverilog/gtkwave/bin/
PATH: /mnt/c/Users/rubio/Documents/personal/School/calyx/
PATH: /mnt/c/Users/rubio/AppData/Local/Microsoft/WindowsApps/
PATH: /mnt/c/Users/rubio/jflex-1.8.2/bin/
PATH: /mnt/c/intelFPGA_lite/18.1/modelsim_ase/win32aloem/
PATH: /mnt/c/intelFPGA_lite/20.1/modelsim_ase/win32aloem/
PATH: /mnt/c/Users/rubio/AppData/Local/GitHubDesktop/bin/
PATH: /mnt/c/Users/rubio/AppData/Local/Packages/PythonSoftwareFoundation.Python.3.11_qbz5n2kfra8p0/LocalCache/local-packages/Python311/Scripts/
PATH: /mnt/c/users/rubio/appdata/local/packages/pythonsoftwarefoundation.python.3.11_qbz5n2kfra8p0/localcache/local-packages/python311/site-packages/flit/
PATH: /mnt/c/Users/rubio/AppData/Local/Packages/PythonSoftwareFoundation.Python.3.11_qbz5n2kfra8p0/LocalCache/local-packages/Python311/Scripts/bril2txt/
PATH: /mnt/c/Users/rubio/AppData/Local/Packages/PythonSoftwareFoundation.Python.3.11_qbz5n2kfra8p0/LocalCache/local-packages/Python311/Scripts/bril2json/
PATH: /mnt/c/Users/rubio/AppData/Roaming/npm/
PATH: /mnt/c/ProgramData/chocolatey/lib/deno/
PATH: /mnt/c/tmp/z3-4-12-2-x64-win/z3-4.12.2-x64-win/bin/
PATH: /mnt/c/Users/rubio/AppData/Local/bin/NASM/
PATH: /home/rubio/.local/bin/
PATH: /home/rubio/.rvm/bin/
PATH: /home/rubio/../../usr/bin/dos2unix/
PATH: /home/rubio/../../usr/bin/
PATH: /home/rubio/../../usr/bin/python3.11/
PATH: /home/rubio/../../mnt/c/Users/rubio/AppData/Local/Packages/PythonSoftwareFoundation.Python.3.11_qbz5n2kfra8p0/LocalCache/local-packages/Python311/Scripts/lark/
PATH: /home/rubio/../../mnt/c/Users/rubio/AppData/Local/Packages/PythonSoftwareFoundation.Python.3.11_qbz5n2kfra8p0/LocalCache/local-packages/Python311/Scripts/
PATH: /home/rubio/../../mnt/c/Users/rubio/AppData/Local/Packages/PythonSoftwareFoundation.Python.3.11_qbz5n2kfra8p0/LocalCache/local-packages/Python311/Scripts/dist/
PATH: /home/rubio/.local/bin/


## ----------- ##
## Core tests. ##
## ----------- ##

configure:2649: looking for aux files: config.guess config.sub ltmain.sh ar-lib missing install-sh compile
configure:2662:  trying ./config/
configure:2691:   ./config/config.guess found
configure:2691:   ./config/config.sub found
configure:2691:   ./config/ltmain.sh found
configure:2691:   ./config/ar-lib found
configure:2691:   ./config/missing found
configure:2673:   ./config/install-sh found
configure:2691:   ./config/compile found
configure:2872: checking for gcc
configure:2893: found /bin/gcc
configure:2904: result: gcc
configure:3257: checking for C compiler version
configure:3266: gcc --version >&5
gcc (Ubuntu 11.4.0-1ubuntu1~22.04) 11.4.0
Copyright (C) 2021 Free Software Foundation, Inc.
This is free software; see the source for copying conditions.  There is NO
warranty; not even for MERCHANTABILITY or FITNESS FOR A PARTICULAR PURPOSE.

configure:3277: $? = 0
configure:3266: gcc -v >&5
Using built-in specs.
COLLECT_GCC=gcc
COLLECT_LTO_WRAPPER=/usr/lib/gcc/x86_64-linux-gnu/11/lto-wrapper
OFFLOAD_TARGET_NAMES=nvptx-none:amdgcn-amdhsa
OFFLOAD_TARGET_DEFAULT=1
Target: x86_64-linux-gnu
Configured with: ../src/configure -v --with-pkgversion='Ubuntu 11.4.0-1ubuntu1~22.04' --with-bugurl=file:///usr/share/doc/gcc-11/README.Bugs --enable-languages=c,ada,c++,go,brig,d,fortran,objc,obj-c++,m2 --prefix=/usr --with-gcc-major-version-only --program-suffix=-11 --program-prefix=x86_64-linux-gnu- --enable-shared --enable-linker-build-id --libexecdir=/usr/lib --without-included-gettext --enable-threads=posix --libdir=/usr/lib --enable-nls --enable-bootstrap --enable-clocale=gnu --enable-libstdcxx-debug --enable-libstdcxx-time=yes --with-default-libstdcxx-abi=new --enable-gnu-unique-object --disable-vtable-verify --enable-plugin --enable-default-pie --with-system-zlib --enable-libphobos-checking=release --with-target-system-zlib=auto --enable-objc-gc=auto --enable-multiarch --disable-werror --enable-cet --with-arch-32=i686 --with-abi=m64 --with-multilib-list=m32,m64,mx32 --enable-multilib --with-tune=generic --enable-offload-targets=nvptx-none=/build/gcc-11-XeT9lY/gcc-11-11.4.0/debian/tmp-nvptx/usr,amdgcn-amdhsa=/build/gcc-11-XeT9lY/gcc-11-11.4.0/debian/tmp-gcn/usr --without-cuda-driver --enable-checking=release --build=x86_64-linux-gnu --host=x86_64-linux-gnu --target=x86_64-linux-gnu --with-build-config=bootstrap-lto-lean --enable-link-serialization=2
Thread model: posix
Supported LTO compression algorithms: zlib zstd
gcc version 11.4.0 (Ubuntu 11.4.0-1ubuntu1~22.04) 
... rest of stderr output deleted ...
configure:3277: $? = 0
configure:3266: gcc -V >&5
gcc: error: unrecognized command-line option '-V'
gcc: fatal error: no input files
compilation terminated.
configure:3277: $? = 1
configure:3266: gcc -qversion >&5
gcc: error: unrecognized command-line option '-qversion'; did you mean '--version'?
gcc: fatal error: no input files
compilation terminated.
configure:3277: $? = 1
configure:3266: gcc -version >&5
gcc: error: unrecognized command-line option '-version'
gcc: fatal error: no input files
compilation terminated.
configure:3277: $? = 1
configure:3297: checking whether the C compiler works
configure:3319: gcc    conftest.c  >&5
configure:3323: $? = 0
configure:3373: result: yes
configure:3376: checking for C compiler default output file name
configure:3378: result: a.out
configure:3384: checking for suffix of executables
configure:3391: gcc -o conftest    conftest.c  >&5
configure:3395: $? = 0
configure:3418: result: 
configure:3440: checking whether we are cross compiling
configure:3448: gcc -o conftest    conftest.c  >&5
configure:3452: $? = 0
configure:3459: ./conftest
configure:3463: $? = 0
configure:3478: result: no
configure:3483: checking for suffix of object files
configure:3506: gcc -c   conftest.c >&5
configure:3510: $? = 0
configure:3532: result: o
configure:3536: checking whether the compiler supports GNU C
configure:3556: gcc -c   conftest.c >&5
configure:3556: $? = 0
configure:3566: result: yes
configure:3577: checking whether gcc accepts -g
configure:3598: gcc -c -g  conftest.c >&5
configure:3598: $? = 0
configure:3642: result: yes
configure:3662: checking for gcc option to enable C11 features
configure:3677: gcc  -c -g -O2  conftest.c >&5
configure:3677: $? = 0
configure:3695: result: none needed
configure:3811: checking whether gcc understands -c and -o together
configure:3834: gcc -c conftest.c -o conftest2.o
configure:3837: $? = 0
configure:3834: gcc -c conftest.c -o conftest2.o
configure:3837: $? = 0
configure:3849: result: yes
configure:3871: checking for stdio.h
configure:3871: gcc -c -g -O2  conftest.c >&5
configure:3871: $? = 0
configure:3871: result: yes
configure:3871: checking for stdlib.h
configure:3871: gcc -c -g -O2  conftest.c >&5
configure:3871: $? = 0
configure:3871: result: yes
configure:3871: checking for string.h
configure:3871: gcc -c -g -O2  conftest.c >&5
configure:3871: $? = 0
configure:3871: result: yes
configure:3871: checking for inttypes.h
configure:3871: gcc -c -g -O2  conftest.c >&5
configure:3871: $? = 0
configure:3871: result: yes
configure:3871: checking for stdint.h
configure:3871: gcc -c -g -O2  conftest.c >&5
configure:3871: $? = 0
configure:3871: result: yes
configure:3871: checking for strings.h
configure:3871: gcc -c -g -O2  conftest.c >&5
configure:3871: $? = 0
configure:3871: result: yes
configure:3871: checking for sys/stat.h
configure:3871: gcc -c -g -O2  conftest.c >&5
configure:3871: $? = 0
configure:3871: result: yes
configure:3871: checking for sys/types.h
configure:3871: gcc -c -g -O2  conftest.c >&5
configure:3871: $? = 0
configure:3871: result: yes
configure:3871: checking for unistd.h
configure:3871: gcc -c -g -O2  conftest.c >&5
configure:3871: $? = 0
configure:3871: result: yes
configure:3871: checking for wchar.h
configure:3871: gcc -c -g -O2  conftest.c >&5
configure:3871: $? = 0
configure:3871: result: yes
configure:3871: checking for minix/config.h
configure:3871: gcc -c -g -O2  conftest.c >&5
conftest.c:47:10: fatal error: minix/config.h: No such file or directory
   47 | #include <minix/config.h>
      |          ^~~~~~~~~~~~~~~~
compilation terminated.
configure:3871: $? = 1
configure: failed program was:
| /* confdefs.h */
| #define PACKAGE_NAME "jq"
| #define PACKAGE_TARNAME "jq"
| #define PACKAGE_VERSION "1.7.1-27-g913b264-dirty"
| #define PACKAGE_STRING "jq 1.7.1-27-g913b264-dirty"
| #define PACKAGE_BUGREPORT "https://github.com/jqlang/jq/issues"
| #define PACKAGE_URL "https://jqlang.github.io/jq"
| #define HAVE_STDIO_H 1
| #define HAVE_STDLIB_H 1
| #define HAVE_STRING_H 1
| #define HAVE_INTTYPES_H 1
| #define HAVE_STDINT_H 1
| #define HAVE_STRINGS_H 1
| #define HAVE_SYS_STAT_H 1
| #define HAVE_SYS_TYPES_H 1
| #define HAVE_UNISTD_H 1
| #define HAVE_WCHAR_H 1
| /* end confdefs.h.  */
| #include <stddef.h>
| #ifdef HAVE_STDIO_H
| # include <stdio.h>
| #endif
| #ifdef HAVE_STDLIB_H
| # include <stdlib.h>
| #endif
| #ifdef HAVE_STRING_H
| # include <string.h>
| #endif
| #ifdef HAVE_INTTYPES_H
| # include <inttypes.h>
| #endif
| #ifdef HAVE_STDINT_H
| # include <stdint.h>
| #endif
| #ifdef HAVE_STRINGS_H
| # include <strings.h>
| #endif
| #ifdef HAVE_SYS_TYPES_H
| # include <sys/types.h>
| #endif
| #ifdef HAVE_SYS_STAT_H
| # include <sys/stat.h>
| #endif
| #ifdef HAVE_UNISTD_H
| # include <unistd.h>
| #endif
| #include <minix/config.h>
configure:3871: result: no
configure:3902: checking whether it is safe to define __EXTENSIONS__
configure:3921: gcc -c -g -O2  conftest.c >&5
configure:3921: $? = 0
configure:3929: result: yes
configure:3932: checking whether _XOPEN_SOURCE should be defined
configure:3954: gcc -c -g -O2  conftest.c >&5
configure:3954: $? = 0
configure:3981: result: no
configure:4054: checking for a BSD-compatible install
configure:4127: result: /bin/install -c
configure:4138: checking whether build environment is sane
configure:4193: result: yes
configure:4348: checking for a race-free mkdir -p
configure:4392: result: /bin/mkdir -p
configure:4399: checking for gawk
configure:4420: found /bin/gawk
configure:4431: result: gawk
configure:4442: checking whether make sets $(MAKE)
configure:4465: result: yes
configure:4487: checking whether make supports the include directive
configure:4502: make -f confmf.GNU && cat confinc.out
make[1]: Entering directory '/home/rubio/cjq/experiment'
make[1]: Leaving directory '/home/rubio/cjq/experiment'
this is the am__doit target
configure:4505: $? = 0
configure:4524: result: yes (GNU style)
configure:4559: checking whether make supports nested variables
configure:4577: result: yes
configure:4658: checking dependency style of gcc
configure:4770: result: gcc3
configure:4854: checking whether make supports nested variables
configure:4872: result: yes
configure:4938: checking for ar
configure:4959: found /bin/ar
configure:4970: result: ar
configure:4996: checking the archiver (ar) interface
configure:5013: gcc -c -g -O2  conftest.c >&5
configure:5013: $? = 0
configure:5016: ar cru libconftest.a conftest.o >&5
ar: `u' modifier ignored since `D' is the default (see `U')
configure:5019: $? = 0
configure:5047: result: ar
configure:5068: checking whether to enable maintainer-specific portions of Makefiles
configure:5078: result: no
configure:5144: checking for gcc
configure:5176: result: gcc
configure:5529: checking for C compiler version
configure:5538: gcc --version >&5
gcc (Ubuntu 11.4.0-1ubuntu1~22.04) 11.4.0
Copyright (C) 2021 Free Software Foundation, Inc.
This is free software; see the source for copying conditions.  There is NO
warranty; not even for MERCHANTABILITY or FITNESS FOR A PARTICULAR PURPOSE.

configure:5549: $? = 0
configure:5538: gcc -v >&5
Using built-in specs.
COLLECT_GCC=gcc
COLLECT_LTO_WRAPPER=/usr/lib/gcc/x86_64-linux-gnu/11/lto-wrapper
OFFLOAD_TARGET_NAMES=nvptx-none:amdgcn-amdhsa
OFFLOAD_TARGET_DEFAULT=1
Target: x86_64-linux-gnu
Configured with: ../src/configure -v --with-pkgversion='Ubuntu 11.4.0-1ubuntu1~22.04' --with-bugurl=file:///usr/share/doc/gcc-11/README.Bugs --enable-languages=c,ada,c++,go,brig,d,fortran,objc,obj-c++,m2 --prefix=/usr --with-gcc-major-version-only --program-suffix=-11 --program-prefix=x86_64-linux-gnu- --enable-shared --enable-linker-build-id --libexecdir=/usr/lib --without-included-gettext --enable-threads=posix --libdir=/usr/lib --enable-nls --enable-bootstrap --enable-clocale=gnu --enable-libstdcxx-debug --enable-libstdcxx-time=yes --with-default-libstdcxx-abi=new --enable-gnu-unique-object --disable-vtable-verify --enable-plugin --enable-default-pie --with-system-zlib --enable-libphobos-checking=release --with-target-system-zlib=auto --enable-objc-gc=auto --enable-multiarch --disable-werror --enable-cet --with-arch-32=i686 --with-abi=m64 --with-multilib-list=m32,m64,mx32 --enable-multilib --with-tune=generic --enable-offload-targets=nvptx-none=/build/gcc-11-XeT9lY/gcc-11-11.4.0/debian/tmp-nvptx/usr,amdgcn-amdhsa=/build/gcc-11-XeT9lY/gcc-11-11.4.0/debian/tmp-gcn/usr --without-cuda-driver --enable-checking=release --build=x86_64-linux-gnu --host=x86_64-linux-gnu --target=x86_64-linux-gnu --with-build-config=bootstrap-lto-lean --enable-link-serialization=2
Thread model: posix
Supported LTO compression algorithms: zlib zstd
gcc version 11.4.0 (Ubuntu 11.4.0-1ubuntu1~22.04) 
... rest of stderr output deleted ...
configure:5549: $? = 0
configure:5538: gcc -V >&5
gcc: error: unrecognized command-line option '-V'
gcc: fatal error: no input files
compilation terminated.
configure:5549: $? = 1
configure:5538: gcc -qversion >&5
gcc: error: unrecognized command-line option '-qversion'; did you mean '--version'?
gcc: fatal error: no input files
compilation terminated.
configure:5549: $? = 1
configure:5538: gcc -version >&5
gcc: error: unrecognized command-line option '-version'
gcc: fatal error: no input files
compilation terminated.
configure:5549: $? = 1
configure:5553: checking whether the compiler supports GNU C
configure:5583: result: yes
configure:5594: checking whether gcc accepts -g
configure:5659: result: yes
configure:5679: checking for gcc option to enable C11 features
configure:5712: result: none needed
configure:5828: checking whether gcc understands -c and -o together
configure:5866: result: yes
configure:5889: checking how to run the C preprocessor
configure:5915: gcc -E  conftest.c
configure:5915: $? = 0
configure:5930: gcc -E  conftest.c
conftest.c:38:10: fatal error: ac_nonexistent.h: No such file or directory
   38 | #include <ac_nonexistent.h>
      |          ^~~~~~~~~~~~~~~~~~
compilation terminated.
configure:5930: $? = 1
configure: failed program was:
| /* confdefs.h */
| #define PACKAGE_NAME "jq"
| #define PACKAGE_TARNAME "jq"
| #define PACKAGE_VERSION "1.7.1-27-g913b264-dirty"
| #define PACKAGE_STRING "jq 1.7.1-27-g913b264-dirty"
| #define PACKAGE_BUGREPORT "https://github.com/jqlang/jq/issues"
| #define PACKAGE_URL "https://jqlang.github.io/jq"
| #define HAVE_STDIO_H 1
| #define HAVE_STDLIB_H 1
| #define HAVE_STRING_H 1
| #define HAVE_INTTYPES_H 1
| #define HAVE_STDINT_H 1
| #define HAVE_STRINGS_H 1
| #define HAVE_SYS_STAT_H 1
| #define HAVE_SYS_TYPES_H 1
| #define HAVE_UNISTD_H 1
| #define HAVE_WCHAR_H 1
| #define STDC_HEADERS 1
| #define _ALL_SOURCE 1
| #define _DARWIN_C_SOURCE 1
| #define _GNU_SOURCE 1
| #define _HPUX_ALT_XOPEN_SOCKET_API 1
| #define _NETBSD_SOURCE 1
| #define _OPENBSD_SOURCE 1
| #define _POSIX_PTHREAD_SEMANTICS 1
| #define __STDC_WANT_IEC_60559_ATTRIBS_EXT__ 1
| #define __STDC_WANT_IEC_60559_BFP_EXT__ 1
| #define __STDC_WANT_IEC_60559_DFP_EXT__ 1
| #define __STDC_WANT_IEC_60559_FUNCS_EXT__ 1
| #define __STDC_WANT_IEC_60559_TYPES_EXT__ 1
| #define __STDC_WANT_LIB_EXT2__ 1
| #define __STDC_WANT_MATH_SPEC_FUNCS__ 1
| #define _TANDEM_SOURCE 1
| #define __EXTENSIONS__ 1
| #define PACKAGE "jq"
| #define VERSION "1.7.1-27-g913b264-dirty"
| /* end confdefs.h.  */
| #include <ac_nonexistent.h>
configure:5957: result: gcc -E
configure:5971: gcc -E  conftest.c
configure:5971: $? = 0
configure:5986: gcc -E  conftest.c
conftest.c:38:10: fatal error: ac_nonexistent.h: No such file or directory
   38 | #include <ac_nonexistent.h>
      |          ^~~~~~~~~~~~~~~~~~
compilation terminated.
configure:5986: $? = 1
configure: failed program was:
| /* confdefs.h */
| #define PACKAGE_NAME "jq"
| #define PACKAGE_TARNAME "jq"
| #define PACKAGE_VERSION "1.7.1-27-g913b264-dirty"
| #define PACKAGE_STRING "jq 1.7.1-27-g913b264-dirty"
| #define PACKAGE_BUGREPORT "https://github.com/jqlang/jq/issues"
| #define PACKAGE_URL "https://jqlang.github.io/jq"
| #define HAVE_STDIO_H 1
| #define HAVE_STDLIB_H 1
| #define HAVE_STRING_H 1
| #define HAVE_INTTYPES_H 1
| #define HAVE_STDINT_H 1
| #define HAVE_STRINGS_H 1
| #define HAVE_SYS_STAT_H 1
| #define HAVE_SYS_TYPES_H 1
| #define HAVE_UNISTD_H 1
| #define HAVE_WCHAR_H 1
| #define STDC_HEADERS 1
| #define _ALL_SOURCE 1
| #define _DARWIN_C_SOURCE 1
| #define _GNU_SOURCE 1
| #define _HPUX_ALT_XOPEN_SOCKET_API 1
| #define _NETBSD_SOURCE 1
| #define _OPENBSD_SOURCE 1
| #define _POSIX_PTHREAD_SEMANTICS 1
| #define __STDC_WANT_IEC_60559_ATTRIBS_EXT__ 1
| #define __STDC_WANT_IEC_60559_BFP_EXT__ 1
| #define __STDC_WANT_IEC_60559_DFP_EXT__ 1
| #define __STDC_WANT_IEC_60559_FUNCS_EXT__ 1
| #define __STDC_WANT_IEC_60559_TYPES_EXT__ 1
| #define __STDC_WANT_LIB_EXT2__ 1
| #define __STDC_WANT_MATH_SPEC_FUNCS__ 1
| #define _TANDEM_SOURCE 1
| #define __EXTENSIONS__ 1
| #define PACKAGE "jq"
| #define VERSION "1.7.1-27-g913b264-dirty"
| /* end confdefs.h.  */
| #include <ac_nonexistent.h>
configure:6021: checking for bison
configure:6042: found /bin/bison
configure:6053: result: bison -y
configure:6099: checking build system type
configure:6114: result: x86_64-pc-linux-gnu
configure:6134: checking host system type
configure:6148: result: x86_64-pc-linux-gnu
configure:6189: checking how to print strings
configure:6216: result: printf
configure:6237: checking for a sed that does not truncate output
configure:6307: result: /bin/sed
configure:6325: checking for grep that handles long lines and -e
configure:6389: result: /bin/grep
configure:6394: checking for egrep
configure:6462: result: /bin/grep -E
configure:6467: checking for fgrep
configure:6535: result: /bin/grep -F
configure:6571: checking for ld used by gcc
configure:6639: result: /bin/ld
configure:6646: checking if the linker (/bin/ld) is GNU ld
configure:6662: result: yes
configure:6674: checking for BSD- or MS-compatible name lister (nm)
configure:6729: result: /bin/nm -B
configure:6869: checking the name lister (/bin/nm -B) interface
configure:6877: gcc -c -g -O2  conftest.c >&5
configure:6880: /bin/nm -B "conftest.o"
configure:6883: output
0000000000000000 B some_variable
configure:6890: result: BSD nm
configure:6893: checking whether ln -s works
configure:6897: result: yes
configure:6905: checking the maximum length of command line arguments
configure:7037: result: 1572864
configure:7085: checking how to convert x86_64-pc-linux-gnu file names to x86_64-pc-linux-gnu format
configure:7126: result: func_convert_file_noop
configure:7133: checking how to convert x86_64-pc-linux-gnu file names to toolchain format
configure:7154: result: func_convert_file_noop
configure:7161: checking for /bin/ld option to reload object files
configure:7169: result: -r
configure:7248: checking for objdump
configure:7269: found /bin/objdump
configure:7280: result: objdump
configure:7309: checking how to recognize dependent libraries
configure:7510: result: pass_all
configure:7600: checking for dlltool
configure:7635: result: no
configure:7662: checking how to associate runtime and link libraries
configure:7690: result: printf %s\n
configure:7824: checking for archiver @FILE support
configure:7842: gcc -c -g -O2  conftest.c >&5
configure:7842: $? = 0
configure:7846: ar cr libconftest.a @conftest.lst >&5
configure:7849: $? = 0
configure:7854: ar cr libconftest.a @conftest.lst >&5
ar: conftest.o: No such file or directory
configure:7857: $? = 1
configure:7869: result: @
configure:7932: checking for strip
configure:7953: found /bin/strip
configure:7964: result: strip
configure:8041: checking for ranlib
configure:8062: found /bin/ranlib
configure:8073: result: ranlib
configure:8175: checking command to parse /bin/nm -B output from gcc object
configure:8329: gcc -c -g -O2  conftest.c >&5
configure:8332: $? = 0
configure:8336: /bin/nm -B conftest.o | sed -n -e 's/^.*[	 ]\([ABCDGIRSTW][ABCDGIRSTW]*\)[	 ][	 ]*\([_A-Za-z][_A-Za-z0-9]*\)$/\1 \2 \2/p' | sed '/ __gnu_lto/d' > conftest.nm
configure:8402: gcc -o conftest -g -O2   conftest.c conftstm.o >&5
configure:8405: $? = 0
configure:8443: result: ok
configure:8490: checking for sysroot
configure:8521: result: no
configure:8528: checking for a working dd
configure:8572: result: /bin/dd
configure:8576: checking how to truncate binary pipes
configure:8592: result: /bin/dd bs=4096 count=1
configure:8729: gcc -c -g -O2  conftest.c >&5
configure:8732: $? = 0
configure:8929: checking for mt
configure:8950: found /bin/mt
configure:8961: result: mt
configure:8984: checking if mt is a manifest tool
configure:8991: mt '-?'
configure:8999: result: no
configure:9725: checking for dlfcn.h
configure:9725: gcc -c -g -O2  conftest.c >&5
configure:9725: $? = 0
configure:9725: result: yes
configure:10310: checking for objdir
configure:10326: result: .libs
configure:10590: checking if gcc supports -fno-rtti -fno-exceptions
configure:10609: gcc -c -g -O2  -fno-rtti -fno-exceptions conftest.c >&5
cc1: warning: command-line option '-fno-rtti' is valid for C++/D/ObjC++ but not for C
configure:10613: $? = 0
configure:10626: result: no
configure:10990: checking for gcc option to produce PIC
configure:10998: result: -fPIC -DPIC
configure:11006: checking if gcc PIC flag -fPIC -DPIC works
configure:11025: gcc -c -g -O2  -fPIC -DPIC -DPIC conftest.c >&5
configure:11029: $? = 0
configure:11042: result: yes
configure:11071: checking if gcc static flag -static works
configure:11100: result: yes
configure:11115: checking if gcc supports -c -o file.o
configure:11137: gcc -c -g -O2  -o out/conftest2.o conftest.c >&5
configure:11141: $? = 0
configure:11163: result: yes
configure:11171: checking if gcc supports -c -o file.o
configure:11219: result: yes
configure:11252: checking whether the gcc linker (/bin/ld -m elf_x86_64) supports shared libraries
configure:12522: result: yes
configure:12559: checking whether -lc should be explicitly linked in
configure:12568: gcc -c -g -O2  conftest.c >&5
configure:12571: $? = 0
configure:12586: gcc -shared  -fPIC -DPIC conftest.o  -v -Wl,-soname -Wl,conftest -o conftest 2\>\&1 \| /bin/grep  -lc  \>/dev/null 2\>\&1
configure:12589: $? = 0
configure:12603: result: no
configure:12763: checking dynamic linker characteristics
configure:13345: gcc -o conftest -g -O2   -Wl,-rpath -Wl,/foo conftest.c  >&5
configure:13345: $? = 0
configure:13596: result: GNU/Linux ld.so
configure:13718: checking how to hardcode library paths into programs
configure:13743: result: immediate
configure:14295: checking whether stripping libraries is possible
configure:14300: result: yes
configure:14335: checking if libtool supports shared libraries
configure:14337: result: yes
configure:14340: checking whether to build shared libraries
configure:14365: result: yes
configure:14368: checking whether to build static libraries
configure:14372: result: yes
configure:14419: checking for special C compiler options needed for large files
configure:14467: result: no
configure:14473: checking for _FILE_OFFSET_BITS value needed for large files
configure:14499: gcc -c -g -O2  conftest.c >&5
configure:14499: $? = 0
configure:14533: result: no
configure:14753: checking for valgrind
configure:14774: found /bin/valgrind
configure:14785: result: valgrind
configure:14800: checking for memmem
configure:14800: gcc -o conftest -g -O2   conftest.c  >&5
configure:14800: $? = 0
configure:14800: result: yes
configure:14809: checking for sys/cygwin.h
configure:14809: gcc -c -g -O2  conftest.c >&5
conftest.c:69:10: fatal error: sys/cygwin.h: No such file or directory
   69 | #include <sys/cygwin.h>
      |          ^~~~~~~~~~~~~~
compilation terminated.
configure:14809: $? = 1
configure: failed program was:
| /* confdefs.h */
| #define PACKAGE_NAME "jq"
| #define PACKAGE_TARNAME "jq"
| #define PACKAGE_VERSION "1.7.1-27-g913b264-dirty"
| #define PACKAGE_STRING "jq 1.7.1-27-g913b264-dirty"
| #define PACKAGE_BUGREPORT "https://github.com/jqlang/jq/issues"
| #define PACKAGE_URL "https://jqlang.github.io/jq"
| #define HAVE_STDIO_H 1
| #define HAVE_STDLIB_H 1
| #define HAVE_STRING_H 1
| #define HAVE_INTTYPES_H 1
| #define HAVE_STDINT_H 1
| #define HAVE_STRINGS_H 1
| #define HAVE_SYS_STAT_H 1
| #define HAVE_SYS_TYPES_H 1
| #define HAVE_UNISTD_H 1
| #define HAVE_WCHAR_H 1
| #define STDC_HEADERS 1
| #define _ALL_SOURCE 1
| #define _DARWIN_C_SOURCE 1
| #define _GNU_SOURCE 1
| #define _HPUX_ALT_XOPEN_SOCKET_API 1
| #define _NETBSD_SOURCE 1
| #define _OPENBSD_SOURCE 1
| #define _POSIX_PTHREAD_SEMANTICS 1
| #define __STDC_WANT_IEC_60559_ATTRIBS_EXT__ 1
| #define __STDC_WANT_IEC_60559_BFP_EXT__ 1
| #define __STDC_WANT_IEC_60559_DFP_EXT__ 1
| #define __STDC_WANT_IEC_60559_FUNCS_EXT__ 1
| #define __STDC_WANT_IEC_60559_TYPES_EXT__ 1
| #define __STDC_WANT_LIB_EXT2__ 1
| #define __STDC_WANT_MATH_SPEC_FUNCS__ 1
| #define _TANDEM_SOURCE 1
| #define __EXTENSIONS__ 1
| #define PACKAGE "jq"
| #define VERSION "1.7.1-27-g913b264-dirty"
| #define HAVE_DLFCN_H 1
| #define LT_OBJDIR ".libs/"
| #define HAVE_MEMMEM 1
| /* end confdefs.h.  */
| #include <stddef.h>
| #ifdef HAVE_STDIO_H
| # include <stdio.h>
| #endif
| #ifdef HAVE_STDLIB_H
| # include <stdlib.h>
| #endif
| #ifdef HAVE_STRING_H
| # include <string.h>
| #endif
| #ifdef HAVE_INTTYPES_H
| # include <inttypes.h>
| #endif
| #ifdef HAVE_STDINT_H
| # include <stdint.h>
| #endif
| #ifdef HAVE_STRINGS_H
| # include <strings.h>
| #endif
| #ifdef HAVE_SYS_TYPES_H
| # include <sys/types.h>
| #endif
| #ifdef HAVE_SYS_STAT_H
| # include <sys/stat.h>
| #endif
| #ifdef HAVE_UNISTD_H
| # include <unistd.h>
| #endif
| #include <sys/cygwin.h>
configure:14809: result: no
configure:14816: checking for shlwapi.h
configure:14816: gcc -c -g -O2  conftest.c >&5
conftest.c:69:10: fatal error: shlwapi.h: No such file or directory
   69 | #include <shlwapi.h>
      |          ^~~~~~~~~~~
compilation terminated.
configure:14816: $? = 1
configure: failed program was:
| /* confdefs.h */
| #define PACKAGE_NAME "jq"
| #define PACKAGE_TARNAME "jq"
| #define PACKAGE_VERSION "1.7.1-27-g913b264-dirty"
| #define PACKAGE_STRING "jq 1.7.1-27-g913b264-dirty"
| #define PACKAGE_BUGREPORT "https://github.com/jqlang/jq/issues"
| #define PACKAGE_URL "https://jqlang.github.io/jq"
| #define HAVE_STDIO_H 1
| #define HAVE_STDLIB_H 1
| #define HAVE_STRING_H 1
| #define HAVE_INTTYPES_H 1
| #define HAVE_STDINT_H 1
| #define HAVE_STRINGS_H 1
| #define HAVE_SYS_STAT_H 1
| #define HAVE_SYS_TYPES_H 1
| #define HAVE_UNISTD_H 1
| #define HAVE_WCHAR_H 1
| #define STDC_HEADERS 1
| #define _ALL_SOURCE 1
| #define _DARWIN_C_SOURCE 1
| #define _GNU_SOURCE 1
| #define _HPUX_ALT_XOPEN_SOCKET_API 1
| #define _NETBSD_SOURCE 1
| #define _OPENBSD_SOURCE 1
| #define _POSIX_PTHREAD_SEMANTICS 1
| #define __STDC_WANT_IEC_60559_ATTRIBS_EXT__ 1
| #define __STDC_WANT_IEC_60559_BFP_EXT__ 1
| #define __STDC_WANT_IEC_60559_DFP_EXT__ 1
| #define __STDC_WANT_IEC_60559_FUNCS_EXT__ 1
| #define __STDC_WANT_IEC_60559_TYPES_EXT__ 1
| #define __STDC_WANT_LIB_EXT2__ 1
| #define __STDC_WANT_MATH_SPEC_FUNCS__ 1
| #define _TANDEM_SOURCE 1
| #define __EXTENSIONS__ 1
| #define PACKAGE "jq"
| #define VERSION "1.7.1-27-g913b264-dirty"
| #define HAVE_DLFCN_H 1
| #define LT_OBJDIR ".libs/"
| #define HAVE_MEMMEM 1
| /* end confdefs.h.  */
| #include <stddef.h>
| #ifdef HAVE_STDIO_H
| # include <stdio.h>
| #endif
| #ifdef HAVE_STDLIB_H
| # include <stdlib.h>
| #endif
| #ifdef HAVE_STRING_H
| # include <string.h>
| #endif
| #ifdef HAVE_INTTYPES_H
| # include <inttypes.h>
| #endif
| #ifdef HAVE_STDINT_H
| # include <stdint.h>
| #endif
| #ifdef HAVE_STRINGS_H
| # include <strings.h>
| #endif
| #ifdef HAVE_SYS_TYPES_H
| # include <sys/types.h>
| #endif
| #ifdef HAVE_SYS_STAT_H
| # include <sys/stat.h>
| #endif
| #ifdef HAVE_UNISTD_H
| # include <unistd.h>
| #endif
| #include <shlwapi.h>
configure:14816: result: no
configure:14887: checking for pipenv
configure:14922: result: no
configure:14934: checking for Python dependencies
configure:14951: result: no
configure:14957: WARNING: Error checking python dependencies: 
*****************************************************************
*  Python dependencies for building jq documentation not found. *
*  You can still build, install and hack on jq, but the manpage *
*  will not be rebuilt and new manpage tests will not be run.   *
*  See docs/README.md for how to install the docs dependencies. *
*****************************************************************
configure:15210: checking whether gcc is Clang
configure:15237: result: no
configure:15302: checking whether pthreads work with "-pthread" and "-lpthread"
configure:15413: gcc -o conftest -g -O2 -pthread   conftest.c -lpthread  >&5
configure:15413: $? = 0
configure:15423: result: yes
configure:15546: checking for joinable pthread attribute
configure:15565: gcc -o conftest -g -O2 -pthread   conftest.c -lpthread  >&5
configure:15565: $? = 0
configure:15574: result: PTHREAD_CREATE_JOINABLE
configure:15587: checking whether more special flags are required for pthreads
configure:15601: result: no
configure:15610: checking for PTHREAD_PRIO_INHERIT
configure:15628: gcc -o conftest -g -O2 -pthread   conftest.c -lpthread  >&5
configure:15628: $? = 0
configure:15638: result: yes
configure:15818: checking for size_t
configure:15818: gcc -c -g -O2 -pthread  conftest.c >&5
configure:15818: $? = 0
configure:15818: gcc -c -g -O2 -pthread  conftest.c >&5
conftest.c: In function 'main':
conftest.c:75:21: error: expected expression before ')' token
   75 | if (sizeof ((size_t)))
      |                     ^
configure:15818: $? = 1
configure: failed program was:
| /* confdefs.h */
| #define PACKAGE_NAME "jq"
| #define PACKAGE_TARNAME "jq"
| #define PACKAGE_VERSION "1.7.1-27-g913b264-dirty"
| #define PACKAGE_STRING "jq 1.7.1-27-g913b264-dirty"
| #define PACKAGE_BUGREPORT "https://github.com/jqlang/jq/issues"
| #define PACKAGE_URL "https://jqlang.github.io/jq"
| #define HAVE_STDIO_H 1
| #define HAVE_STDLIB_H 1
| #define HAVE_STRING_H 1
| #define HAVE_INTTYPES_H 1
| #define HAVE_STDINT_H 1
| #define HAVE_STRINGS_H 1
| #define HAVE_SYS_STAT_H 1
| #define HAVE_SYS_TYPES_H 1
| #define HAVE_UNISTD_H 1
| #define HAVE_WCHAR_H 1
| #define STDC_HEADERS 1
| #define _ALL_SOURCE 1
| #define _DARWIN_C_SOURCE 1
| #define _GNU_SOURCE 1
| #define _HPUX_ALT_XOPEN_SOCKET_API 1
| #define _NETBSD_SOURCE 1
| #define _OPENBSD_SOURCE 1
| #define _POSIX_PTHREAD_SEMANTICS 1
| #define __STDC_WANT_IEC_60559_ATTRIBS_EXT__ 1
| #define __STDC_WANT_IEC_60559_BFP_EXT__ 1
| #define __STDC_WANT_IEC_60559_DFP_EXT__ 1
| #define __STDC_WANT_IEC_60559_FUNCS_EXT__ 1
| #define __STDC_WANT_IEC_60559_TYPES_EXT__ 1
| #define __STDC_WANT_LIB_EXT2__ 1
| #define __STDC_WANT_MATH_SPEC_FUNCS__ 1
| #define _TANDEM_SOURCE 1
| #define __EXTENSIONS__ 1
| #define PACKAGE "jq"
| #define VERSION "1.7.1-27-g913b264-dirty"
| #define HAVE_DLFCN_H 1
| #define LT_OBJDIR ".libs/"
| #define HAVE_MEMMEM 1
| #define USE_DECNUM 1
| #define HAVE_PTHREAD_PRIO_INHERIT 1
| #define HAVE_PTHREAD 1
| /* end confdefs.h.  */
| #include <stddef.h>
| #ifdef HAVE_STDIO_H
| # include <stdio.h>
| #endif
| #ifdef HAVE_STDLIB_H
| # include <stdlib.h>
| #endif
| #ifdef HAVE_STRING_H
| # include <string.h>
| #endif
| #ifdef HAVE_INTTYPES_H
| # include <inttypes.h>
| #endif
| #ifdef HAVE_STDINT_H
| # include <stdint.h>
| #endif
| #ifdef HAVE_STRINGS_H
| # include <strings.h>
| #endif
| #ifdef HAVE_SYS_TYPES_H
| # include <sys/types.h>
| #endif
| #ifdef HAVE_SYS_STAT_H
| # include <sys/stat.h>
| #endif
| #ifdef HAVE_UNISTD_H
| # include <unistd.h>
| #endif
| int
| main (void)
| {
| if (sizeof ((size_t)))
| 	    return 0;
|   ;
|   return 0;
| }
configure:15818: result: yes
configure:15830: checking for working alloca.h
configure:15848: gcc -o conftest -g -O2 -pthread   conftest.c -lpthread  >&5
configure:15848: $? = 0
configure:15857: result: yes
configure:15865: checking for alloca
configure:15910: result: yes
configure:15982: checking for isatty
configure:16011: gcc -o conftest -g -O2 -pthread   conftest.c    -lpthread  >&5
configure:16011: $? = 0
configure:16047: result: yes
configure:16077: checking for _isatty
configure:16106: gcc -o conftest -g -O2 -pthread   conftest.c    -lpthread  >&5
conftest.c:47:10: fatal error: io.h: No such file or directory
   47 | #include <io.h>
      |          ^~~~~~
compilation terminated.
configure:16106: $? = 1
configure: failed program was:
| /* confdefs.h */
| #define PACKAGE_NAME "jq"
| #define PACKAGE_TARNAME "jq"
| #define PACKAGE_VERSION "1.7.1-27-g913b264-dirty"
| #define PACKAGE_STRING "jq 1.7.1-27-g913b264-dirty"
| #define PACKAGE_BUGREPORT "https://github.com/jqlang/jq/issues"
| #define PACKAGE_URL "https://jqlang.github.io/jq"
| #define HAVE_STDIO_H 1
| #define HAVE_STDLIB_H 1
| #define HAVE_STRING_H 1
| #define HAVE_INTTYPES_H 1
| #define HAVE_STDINT_H 1
| #define HAVE_STRINGS_H 1
| #define HAVE_SYS_STAT_H 1
| #define HAVE_SYS_TYPES_H 1
| #define HAVE_UNISTD_H 1
| #define HAVE_WCHAR_H 1
| #define STDC_HEADERS 1
| #define _ALL_SOURCE 1
| #define _DARWIN_C_SOURCE 1
| #define _GNU_SOURCE 1
| #define _HPUX_ALT_XOPEN_SOCKET_API 1
| #define _NETBSD_SOURCE 1
| #define _OPENBSD_SOURCE 1
| #define _POSIX_PTHREAD_SEMANTICS 1
| #define __STDC_WANT_IEC_60559_ATTRIBS_EXT__ 1
| #define __STDC_WANT_IEC_60559_BFP_EXT__ 1
| #define __STDC_WANT_IEC_60559_DFP_EXT__ 1
| #define __STDC_WANT_IEC_60559_FUNCS_EXT__ 1
| #define __STDC_WANT_IEC_60559_TYPES_EXT__ 1
| #define __STDC_WANT_LIB_EXT2__ 1
| #define __STDC_WANT_MATH_SPEC_FUNCS__ 1
| #define _TANDEM_SOURCE 1
| #define __EXTENSIONS__ 1
| #define PACKAGE "jq"
| #define VERSION "1.7.1-27-g913b264-dirty"
| #define HAVE_DLFCN_H 1
| #define LT_OBJDIR ".libs/"
| #define HAVE_MEMMEM 1
| #define USE_DECNUM 1
| #define HAVE_PTHREAD_PRIO_INHERIT 1
| #define HAVE_PTHREAD 1
| #define HAVE_ALLOCA_H 1
| #define HAVE_ALLOCA 1
| #define HAVE_ISATTY 1
| /* end confdefs.h.  */
| #include <io.h>
| int
| main (void)
| {
| _isatty(0)
|   ;
|   return 0;
| }
configure:16106: gcc -o conftest -g -O2 -pthread   conftest.c  -lc  -lpthread  >&5
conftest.c:47:10: fatal error: io.h: No such file or directory
   47 | #include <io.h>
      |          ^~~~~~
compilation terminated.
configure:16106: $? = 1
configure: failed program was:
| /* confdefs.h */
| #define PACKAGE_NAME "jq"
| #define PACKAGE_TARNAME "jq"
| #define PACKAGE_VERSION "1.7.1-27-g913b264-dirty"
| #define PACKAGE_STRING "jq 1.7.1-27-g913b264-dirty"
| #define PACKAGE_BUGREPORT "https://github.com/jqlang/jq/issues"
| #define PACKAGE_URL "https://jqlang.github.io/jq"
| #define HAVE_STDIO_H 1
| #define HAVE_STDLIB_H 1
| #define HAVE_STRING_H 1
| #define HAVE_INTTYPES_H 1
| #define HAVE_STDINT_H 1
| #define HAVE_STRINGS_H 1
| #define HAVE_SYS_STAT_H 1
| #define HAVE_SYS_TYPES_H 1
| #define HAVE_UNISTD_H 1
| #define HAVE_WCHAR_H 1
| #define STDC_HEADERS 1
| #define _ALL_SOURCE 1
| #define _DARWIN_C_SOURCE 1
| #define _GNU_SOURCE 1
| #define _HPUX_ALT_XOPEN_SOCKET_API 1
| #define _NETBSD_SOURCE 1
| #define _OPENBSD_SOURCE 1
| #define _POSIX_PTHREAD_SEMANTICS 1
| #define __STDC_WANT_IEC_60559_ATTRIBS_EXT__ 1
| #define __STDC_WANT_IEC_60559_BFP_EXT__ 1
| #define __STDC_WANT_IEC_60559_DFP_EXT__ 1
| #define __STDC_WANT_IEC_60559_FUNCS_EXT__ 1
| #define __STDC_WANT_IEC_60559_TYPES_EXT__ 1
| #define __STDC_WANT_LIB_EXT2__ 1
| #define __STDC_WANT_MATH_SPEC_FUNCS__ 1
| #define _TANDEM_SOURCE 1
| #define __EXTENSIONS__ 1
| #define PACKAGE "jq"
| #define VERSION "1.7.1-27-g913b264-dirty"
| #define HAVE_DLFCN_H 1
| #define LT_OBJDIR ".libs/"
| #define HAVE_MEMMEM 1
| #define USE_DECNUM 1
| #define HAVE_PTHREAD_PRIO_INHERIT 1
| #define HAVE_PTHREAD 1
| #define HAVE_ALLOCA_H 1
| #define HAVE_ALLOCA 1
| #define HAVE_ISATTY 1
| /* end confdefs.h.  */
| #include <io.h>
| int
| main (void)
| {
| _isatty(0)
|   ;
|   return 0;
| }
configure:16148: result: no
configure:16172: checking for strptime
configure:16201: gcc -o conftest -g -O2 -pthread   conftest.c    -lpthread  >&5
configure:16201: $? = 0
configure:16237: result: yes
configure:16267: checking for strftime
configure:16296: gcc -o conftest -g -O2 -pthread   conftest.c    -lpthread  >&5
conftest.c: In function 'main':
conftest.c:52:1: warning: argument 3 null where non-null expected [-Wnonnull]
   52 | strftime(0, 0, 0, 0)
      | ^~~~~~~~
In file included from conftest.c:48:
/usr/include/time.h:100:15: note: in a call to function 'strftime' declared 'nonnull'
  100 | extern size_t strftime (char *__restrict __s, size_t __maxsize,
      |               ^~~~~~~~
conftest.c:52:1: warning: too many arguments for format [-Wformat-extra-args]
   52 | strftime(0, 0, 0, 0)
      | ^~~~~~~~
configure:16296: $? = 0
configure:16332: result: yes
configure:16362: checking for setenv
configure:16391: gcc -o conftest -g -O2 -pthread   conftest.c    -lpthread  >&5
conftest.c: In function 'main':
conftest.c:53:1: warning: argument 2 null where non-null expected [-Wnonnull]
   53 | setenv(0, 0, 0)
      | ^~~~~~
In file included from conftest.c:49:
/usr/include/stdlib.h:660:12: note: in a call to function 'setenv' declared 'nonnull'
  660 | extern int setenv (const char *__name, const char *__value, int __replace)
      |            ^~~~~~
configure:16391: $? = 0
configure:16427: result: yes
configure:16457: checking for timegm
configure:16486: gcc -o conftest -g -O2 -pthread   conftest.c    -lpthread  >&5
configure:16486: $? = 0
configure:16522: result: yes
configure:16552: checking for gmtime_r
configure:16581: gcc -o conftest -g -O2 -pthread   conftest.c    -lpthread  >&5
configure:16581: $? = 0
configure:16617: result: yes
configure:16647: checking for gmtime
configure:16676: gcc -o conftest -g -O2 -pthread   conftest.c    -lpthread  >&5
configure:16676: $? = 0
configure:16712: result: yes
configure:16742: checking for localtime_r
configure:16771: gcc -o conftest -g -O2 -pthread   conftest.c    -lpthread  >&5
configure:16771: $? = 0
configure:16807: result: yes
configure:16837: checking for localtime
configure:16866: gcc -o conftest -g -O2 -pthread   conftest.c    -lpthread  >&5
configure:16866: $? = 0
configure:16902: result: yes
configure:16932: checking for gettimeofday
configure:16961: gcc -o conftest -g -O2 -pthread   conftest.c    -lpthread  >&5
conftest.c: In function 'main':
conftest.c:59:1: warning: argument 1 null where non-null expected [-Wnonnull]
   59 | gettimeofday(0, 0)
      | ^~~~~~~~~~~~
In file included from conftest.c:55:
/usr/include/x86_64-linux-gnu/sys/time.h:67:12: note: in a call to function 'gettimeofday' declared 'nonnull'
   67 | extern int gettimeofday (struct timeval *__restrict __tv,
      |            ^~~~~~~~~~~~
configure:16961: $? = 0
configure:16997: result: yes
configure:17023: checking for struct tm.tm_gmtoff
configure:17023: gcc -c -g -O2 -pthread  conftest.c >&5
configure:17023: $? = 0
configure:17023: result: yes
configure:17032: checking for struct tm.__tm_gmtoff
configure:17032: gcc -c -g -O2 -pthread  conftest.c >&5
conftest.c: In function 'main':
conftest.c:63:13: error: 'struct tm' has no member named '__tm_gmtoff'; did you mean 'tm_gmtoff'?
   63 | if (ac_aggr.__tm_gmtoff)
      |             ^~~~~~~~~~~
      |             tm_gmtoff
configure:17032: $? = 1
configure: failed program was:
| /* confdefs.h */
| #define PACKAGE_NAME "jq"
| #define PACKAGE_TARNAME "jq"
| #define PACKAGE_VERSION "1.7.1-27-g913b264-dirty"
| #define PACKAGE_STRING "jq 1.7.1-27-g913b264-dirty"
| #define PACKAGE_BUGREPORT "https://github.com/jqlang/jq/issues"
| #define PACKAGE_URL "https://jqlang.github.io/jq"
| #define HAVE_STDIO_H 1
| #define HAVE_STDLIB_H 1
| #define HAVE_STRING_H 1
| #define HAVE_INTTYPES_H 1
| #define HAVE_STDINT_H 1
| #define HAVE_STRINGS_H 1
| #define HAVE_SYS_STAT_H 1
| #define HAVE_SYS_TYPES_H 1
| #define HAVE_UNISTD_H 1
| #define HAVE_WCHAR_H 1
| #define STDC_HEADERS 1
| #define _ALL_SOURCE 1
| #define _DARWIN_C_SOURCE 1
| #define _GNU_SOURCE 1
| #define _HPUX_ALT_XOPEN_SOCKET_API 1
| #define _NETBSD_SOURCE 1
| #define _OPENBSD_SOURCE 1
| #define _POSIX_PTHREAD_SEMANTICS 1
| #define __STDC_WANT_IEC_60559_ATTRIBS_EXT__ 1
| #define __STDC_WANT_IEC_60559_BFP_EXT__ 1
| #define __STDC_WANT_IEC_60559_DFP_EXT__ 1
| #define __STDC_WANT_IEC_60559_FUNCS_EXT__ 1
| #define __STDC_WANT_IEC_60559_TYPES_EXT__ 1
| #define __STDC_WANT_LIB_EXT2__ 1
| #define __STDC_WANT_MATH_SPEC_FUNCS__ 1
| #define _TANDEM_SOURCE 1
| #define __EXTENSIONS__ 1
| #define PACKAGE "jq"
| #define VERSION "1.7.1-27-g913b264-dirty"
| #define HAVE_DLFCN_H 1
| #define LT_OBJDIR ".libs/"
| #define HAVE_MEMMEM 1
| #define USE_DECNUM 1
| #define HAVE_PTHREAD_PRIO_INHERIT 1
| #define HAVE_PTHREAD 1
| #define HAVE_ALLOCA_H 1
| #define HAVE_ALLOCA 1
| #define HAVE_ISATTY 1
| #define HAVE_STRPTIME 1
| #define HAVE_STRFTIME 1
| #define HAVE_SETENV 1
| #define HAVE_TIMEGM 1
| #define HAVE_GMTIME_R 1
| #define HAVE_GMTIME 1
| #define HAVE_LOCALTIME_R 1
| #define HAVE_LOCALTIME 1
| #define HAVE_GETTIMEOFDAY 1
| #define HAVE_TM_TM_GMT_OFF 1
| /* end confdefs.h.  */
| #include <time.h>
| 
| int
| main (void)
| {
| static struct tm ac_aggr;
| if (ac_aggr.__tm_gmtoff)
| return 0;
|   ;
|   return 0;
| }
configure:17032: gcc -c -g -O2 -pthread  conftest.c >&5
conftest.c: In function 'main':
conftest.c:63:20: error: 'struct tm' has no member named '__tm_gmtoff'; did you mean 'tm_gmtoff'?
   63 | if (sizeof ac_aggr.__tm_gmtoff)
      |                    ^~~~~~~~~~~
      |                    tm_gmtoff
configure:17032: $? = 1
configure: failed program was:
| /* confdefs.h */
| #define PACKAGE_NAME "jq"
| #define PACKAGE_TARNAME "jq"
| #define PACKAGE_VERSION "1.7.1-27-g913b264-dirty"
| #define PACKAGE_STRING "jq 1.7.1-27-g913b264-dirty"
| #define PACKAGE_BUGREPORT "https://github.com/jqlang/jq/issues"
| #define PACKAGE_URL "https://jqlang.github.io/jq"
| #define HAVE_STDIO_H 1
| #define HAVE_STDLIB_H 1
| #define HAVE_STRING_H 1
| #define HAVE_INTTYPES_H 1
| #define HAVE_STDINT_H 1
| #define HAVE_STRINGS_H 1
| #define HAVE_SYS_STAT_H 1
| #define HAVE_SYS_TYPES_H 1
| #define HAVE_UNISTD_H 1
| #define HAVE_WCHAR_H 1
| #define STDC_HEADERS 1
| #define _ALL_SOURCE 1
| #define _DARWIN_C_SOURCE 1
| #define _GNU_SOURCE 1
| #define _HPUX_ALT_XOPEN_SOCKET_API 1
| #define _NETBSD_SOURCE 1
| #define _OPENBSD_SOURCE 1
| #define _POSIX_PTHREAD_SEMANTICS 1
| #define __STDC_WANT_IEC_60559_ATTRIBS_EXT__ 1
| #define __STDC_WANT_IEC_60559_BFP_EXT__ 1
| #define __STDC_WANT_IEC_60559_DFP_EXT__ 1
| #define __STDC_WANT_IEC_60559_FUNCS_EXT__ 1
| #define __STDC_WANT_IEC_60559_TYPES_EXT__ 1
| #define __STDC_WANT_LIB_EXT2__ 1
| #define __STDC_WANT_MATH_SPEC_FUNCS__ 1
| #define _TANDEM_SOURCE 1
| #define __EXTENSIONS__ 1
| #define PACKAGE "jq"
| #define VERSION "1.7.1-27-g913b264-dirty"
| #define HAVE_DLFCN_H 1
| #define LT_OBJDIR ".libs/"
| #define HAVE_MEMMEM 1
| #define USE_DECNUM 1
| #define HAVE_PTHREAD_PRIO_INHERIT 1
| #define HAVE_PTHREAD 1
| #define HAVE_ALLOCA_H 1
| #define HAVE_ALLOCA 1
| #define HAVE_ISATTY 1
| #define HAVE_STRPTIME 1
| #define HAVE_STRFTIME 1
| #define HAVE_SETENV 1
| #define HAVE_TIMEGM 1
| #define HAVE_GMTIME_R 1
| #define HAVE_GMTIME 1
| #define HAVE_LOCALTIME_R 1
| #define HAVE_LOCALTIME 1
| #define HAVE_GETTIMEOFDAY 1
| #define HAVE_TM_TM_GMT_OFF 1
| /* end confdefs.h.  */
| #include <time.h>
| 
| int
| main (void)
| {
| static struct tm ac_aggr;
| if (sizeof ac_aggr.__tm_gmtoff)
| return 0;
|   ;
|   return 0;
| }
configure:17032: result: no
configure:17045: checking for setlocale
configure:17074: gcc -o conftest -g -O2 -pthread   conftest.c    -lpthread  >&5
configure:17074: $? = 0
configure:17110: result: yes
configure:17140: checking for pthread_key_create
configure:17169: gcc -o conftest -g -O2 -pthread   conftest.c    -lpthread  >&5
conftest.c: In function 'main':
conftest.c:62:1: warning: argument 1 null where non-null expected [-Wnonnull]
   62 | pthread_key_create(NULL, NULL)
      | ^~~~~~~~~~~~~~~~~~
In file included from conftest.c:58:
/usr/include/pthread.h:1297:12: note: in a call to function 'pthread_key_create' declared 'nonnull'
 1297 | extern int pthread_key_create (pthread_key_t *__key,
      |            ^~~~~~~~~~~~~~~~~~
configure:17169: $? = 0
configure:17205: result: yes
configure:17230: checking for pthread_once
configure:17259: gcc -o conftest -g -O2 -pthread   conftest.c    -lpthread  >&5
conftest.c: In function 'main':
conftest.c:63:1: warning: argument 1 null where non-null expected [-Wnonnull]
   63 | pthread_once(NULL, NULL)
      | ^~~~~~~~~~~~
In file included from conftest.c:59:
/usr/include/pthread.h:509:12: note: in a call to function 'pthread_once' declared 'nonnull'
  509 | extern int pthread_once (pthread_once_t *__once_control,
      |            ^~~~~~~~~~~~
conftest.c:63:1: warning: argument 2 null where non-null expected [-Wnonnull]
   63 | pthread_once(NULL, NULL)
      | ^~~~~~~~~~~~
In file included from conftest.c:59:
/usr/include/pthread.h:509:12: note: in a call to function 'pthread_once' declared 'nonnull'
  509 | extern int pthread_once (pthread_once_t *__once_control,
      |            ^~~~~~~~~~~~
configure:17259: $? = 0
configure:17295: result: yes
configure:17320: checking for atexit
configure:17349: gcc -o conftest -g -O2 -pthread   conftest.c    -lpthread  >&5
conftest.c: In function 'main':
conftest.c:64:1: warning: argument 1 null where non-null expected [-Wnonnull]
   64 | atexit(NULL)
      | ^~~~~~
In file included from conftest.c:60:
/usr/include/stdlib.h:602:12: note: in a call to function 'atexit' declared 'nonnull'
  602 | extern int atexit (void (*__func) (void)) __THROW __nonnull ((1));
      |            ^~~~~~
configure:17349: $? = 0
configure:17385: result: yes
configure:17415: checking for acos in -lm
configure:17438: gcc -o conftest -g -O2 -pthread   conftest.c -lm  -lpthread  >&5
conftest.c:65:6: warning: conflicting types for built-in function 'acos'; expected 'double(double)' [-Wbuiltin-declaration-mismatch]
   65 | char acos ();
      |      ^~~~
conftest.c:1:1: note: 'acos' is declared in header '<math.h>'
    1 | /* confdefs.h */
configure:17438: $? = 0
configure:17448: result: yes
configure:17467: checking for acosh in -lm
configure:17490: gcc -o conftest -g -O2 -pthread   conftest.c -lm  -lpthread  >&5
conftest.c:66:6: warning: conflicting types for built-in function 'acosh'; expected 'double(double)' [-Wbuiltin-declaration-mismatch]
   66 | char acosh ();
      |      ^~~~~
conftest.c:1:1: note: 'acosh' is declared in header '<math.h>'
    1 | /* confdefs.h */
configure:17490: $? = 0
configure:17500: result: yes
configure:17519: checking for asin in -lm
configure:17542: gcc -o conftest -g -O2 -pthread   conftest.c -lm  -lpthread  >&5
conftest.c:67:6: warning: conflicting types for built-in function 'asin'; expected 'double(double)' [-Wbuiltin-declaration-mismatch]
   67 | char asin ();
      |      ^~~~
conftest.c:1:1: note: 'asin' is declared in header '<math.h>'
    1 | /* confdefs.h */
configure:17542: $? = 0
configure:17552: result: yes
configure:17571: checking for asinh in -lm
configure:17594: gcc -o conftest -g -O2 -pthread   conftest.c -lm  -lpthread  >&5
conftest.c:68:6: warning: conflicting types for built-in function 'asinh'; expected 'double(double)' [-Wbuiltin-declaration-mismatch]
   68 | char asinh ();
      |      ^~~~~
conftest.c:1:1: note: 'asinh' is declared in header '<math.h>'
    1 | /* confdefs.h */
configure:17594: $? = 0
configure:17604: result: yes
configure:17623: checking for atan2 in -lm
configure:17646: gcc -o conftest -g -O2 -pthread   conftest.c -lm  -lpthread  >&5
conftest.c:69:6: warning: conflicting types for built-in function 'atan2'; expected 'double(double,  double)' [-Wbuiltin-declaration-mismatch]
   69 | char atan2 ();
      |      ^~~~~
conftest.c:1:1: note: 'atan2' is declared in header '<math.h>'
    1 | /* confdefs.h */
configure:17646: $? = 0
configure:17656: result: yes
configure:17675: checking for atan in -lm
configure:17698: gcc -o conftest -g -O2 -pthread   conftest.c -lm  -lpthread  >&5
conftest.c:70:6: warning: conflicting types for built-in function 'atan'; expected 'double(double)' [-Wbuiltin-declaration-mismatch]
   70 | char atan ();
      |      ^~~~
conftest.c:1:1: note: 'atan' is declared in header '<math.h>'
    1 | /* confdefs.h */
configure:17698: $? = 0
configure:17708: result: yes
configure:17727: checking for atanh in -lm
configure:17750: gcc -o conftest -g -O2 -pthread   conftest.c -lm  -lpthread  >&5
conftest.c:71:6: warning: conflicting types for built-in function 'atanh'; expected 'double(double)' [-Wbuiltin-declaration-mismatch]
   71 | char atanh ();
      |      ^~~~~
conftest.c:1:1: note: 'atanh' is declared in header '<math.h>'
    1 | /* confdefs.h */
configure:17750: $? = 0
configure:17760: result: yes
configure:17779: checking for cbrt in -lm
configure:17802: gcc -o conftest -g -O2 -pthread   conftest.c -lm  -lpthread  >&5
conftest.c:72:6: warning: conflicting types for built-in function 'cbrt'; expected 'double(double)' [-Wbuiltin-declaration-mismatch]
   72 | char cbrt ();
      |      ^~~~
conftest.c:1:1: note: 'cbrt' is declared in header '<math.h>'
    1 | /* confdefs.h */
configure:17802: $? = 0
configure:17812: result: yes
configure:17831: checking for ceil in -lm
configure:17854: gcc -o conftest -g -O2 -pthread   conftest.c -lm  -lpthread  >&5
conftest.c:73:6: warning: conflicting types for built-in function 'ceil'; expected 'double(double)' [-Wbuiltin-declaration-mismatch]
   73 | char ceil ();
      |      ^~~~
conftest.c:1:1: note: 'ceil' is declared in header '<math.h>'
    1 | /* confdefs.h */
configure:17854: $? = 0
configure:17864: result: yes
configure:17883: checking for copysign in -lm
configure:17906: gcc -o conftest -g -O2 -pthread   conftest.c -lm  -lpthread  >&5
conftest.c:74:6: warning: conflicting types for built-in function 'copysign'; expected 'double(double,  double)' [-Wbuiltin-declaration-mismatch]
   74 | char copysign ();
      |      ^~~~~~~~
conftest.c:1:1: note: 'copysign' is declared in header '<math.h>'
    1 | /* confdefs.h */
configure:17906: $? = 0
configure:17916: result: yes
configure:17935: checking for cos in -lm
configure:17958: gcc -o conftest -g -O2 -pthread   conftest.c -lm  -lpthread  >&5
conftest.c:75:6: warning: conflicting types for built-in function 'cos'; expected 'double(double)' [-Wbuiltin-declaration-mismatch]
   75 | char cos ();
      |      ^~~
conftest.c:1:1: note: 'cos' is declared in header '<math.h>'
    1 | /* confdefs.h */
configure:17958: $? = 0
configure:17968: result: yes
configure:17987: checking for cosh in -lm
configure:18010: gcc -o conftest -g -O2 -pthread   conftest.c -lm  -lpthread  >&5
conftest.c:76:6: warning: conflicting types for built-in function 'cosh'; expected 'double(double)' [-Wbuiltin-declaration-mismatch]
   76 | char cosh ();
      |      ^~~~
conftest.c:1:1: note: 'cosh' is declared in header '<math.h>'
    1 | /* confdefs.h */
configure:18010: $? = 0
configure:18020: result: yes
configure:18039: checking for drem in -lm
configure:18062: gcc -o conftest -g -O2 -pthread   conftest.c -lm  -lpthread  >&5
conftest.c:77:6: warning: conflicting types for built-in function 'drem'; expected 'double(double,  double)' [-Wbuiltin-declaration-mismatch]
   77 | char drem ();
      |      ^~~~
configure:18062: $? = 0
configure:18072: result: yes
configure:18091: checking for erf in -lm
configure:18114: gcc -o conftest -g -O2 -pthread   conftest.c -lm  -lpthread  >&5
conftest.c:78:6: warning: conflicting types for built-in function 'erf'; expected 'double(double)' [-Wbuiltin-declaration-mismatch]
   78 | char erf ();
      |      ^~~
conftest.c:1:1: note: 'erf' is declared in header '<math.h>'
    1 | /* confdefs.h */
configure:18114: $? = 0
configure:18124: result: yes
configure:18143: checking for erfc in -lm
configure:18166: gcc -o conftest -g -O2 -pthread   conftest.c -lm  -lpthread  >&5
conftest.c:79:6: warning: conflicting types for built-in function 'erfc'; expected 'double(double)' [-Wbuiltin-declaration-mismatch]
   79 | char erfc ();
      |      ^~~~
conftest.c:1:1: note: 'erfc' is declared in header '<math.h>'
    1 | /* confdefs.h */
configure:18166: $? = 0
configure:18176: result: yes
configure:18195: checking for exp10 in -lm
configure:18218: gcc -o conftest -g -O2 -pthread   conftest.c -lm  -lpthread  >&5
conftest.c:80:6: warning: conflicting types for built-in function 'exp10'; expected 'double(double)' [-Wbuiltin-declaration-mismatch]
   80 | char exp10 ();
      |      ^~~~~
configure:18218: $? = 0
configure:18228: result: yes
configure:18247: checking for __exp10 in -lm
configure:18270: gcc -o conftest -g -O2 -pthread   conftest.c -lm  -lpthread  >&5
/bin/ld: /tmp/ccxXuQ2s.o: in function `main':
/home/rubio/cjq/experiment/conftest.c:85: undefined reference to `__exp10'
collect2: error: ld returned 1 exit status
configure:18270: $? = 1
configure: failed program was:
| /* confdefs.h */
| #define PACKAGE_NAME "jq"
| #define PACKAGE_TARNAME "jq"
| #define PACKAGE_VERSION "1.7.1-27-g913b264-dirty"
| #define PACKAGE_STRING "jq 1.7.1-27-g913b264-dirty"
| #define PACKAGE_BUGREPORT "https://github.com/jqlang/jq/issues"
| #define PACKAGE_URL "https://jqlang.github.io/jq"
| #define HAVE_STDIO_H 1
| #define HAVE_STDLIB_H 1
| #define HAVE_STRING_H 1
| #define HAVE_INTTYPES_H 1
| #define HAVE_STDINT_H 1
| #define HAVE_STRINGS_H 1
| #define HAVE_SYS_STAT_H 1
| #define HAVE_SYS_TYPES_H 1
| #define HAVE_UNISTD_H 1
| #define HAVE_WCHAR_H 1
| #define STDC_HEADERS 1
| #define _ALL_SOURCE 1
| #define _DARWIN_C_SOURCE 1
| #define _GNU_SOURCE 1
| #define _HPUX_ALT_XOPEN_SOCKET_API 1
| #define _NETBSD_SOURCE 1
| #define _OPENBSD_SOURCE 1
| #define _POSIX_PTHREAD_SEMANTICS 1
| #define __STDC_WANT_IEC_60559_ATTRIBS_EXT__ 1
| #define __STDC_WANT_IEC_60559_BFP_EXT__ 1
| #define __STDC_WANT_IEC_60559_DFP_EXT__ 1
| #define __STDC_WANT_IEC_60559_FUNCS_EXT__ 1
| #define __STDC_WANT_IEC_60559_TYPES_EXT__ 1
| #define __STDC_WANT_LIB_EXT2__ 1
| #define __STDC_WANT_MATH_SPEC_FUNCS__ 1
| #define _TANDEM_SOURCE 1
| #define __EXTENSIONS__ 1
| #define PACKAGE "jq"
| #define VERSION "1.7.1-27-g913b264-dirty"
| #define HAVE_DLFCN_H 1
| #define LT_OBJDIR ".libs/"
| #define HAVE_MEMMEM 1
| #define USE_DECNUM 1
| #define HAVE_PTHREAD_PRIO_INHERIT 1
| #define HAVE_PTHREAD 1
| #define HAVE_ALLOCA_H 1
| #define HAVE_ALLOCA 1
| #define HAVE_ISATTY 1
| #define HAVE_STRPTIME 1
| #define HAVE_STRFTIME 1
| #define HAVE_SETENV 1
| #define HAVE_TIMEGM 1
| #define HAVE_GMTIME_R 1
| #define HAVE_GMTIME 1
| #define HAVE_LOCALTIME_R 1
| #define HAVE_LOCALTIME 1
| #define HAVE_GETTIMEOFDAY 1
| #define HAVE_TM_TM_GMT_OFF 1
| #define HAVE_SETLOCALE 1
| #define HAVE_PTHREAD_KEY_CREATE 1
| #define HAVE_PTHREAD_ONCE 1
| #define HAVE_ATEXIT 1
| #define HAVE_ACOS 1
| #define HAVE_ACOSH 1
| #define HAVE_ASIN 1
| #define HAVE_ASINH 1
| #define HAVE_ATAN2 1
| #define HAVE_ATAN 1
| #define HAVE_ATANH 1
| #define HAVE_CBRT 1
| #define HAVE_CEIL 1
| #define HAVE_COPYSIGN 1
| #define HAVE_COS 1
| #define HAVE_COSH 1
| #define HAVE_DREM 1
| #define HAVE_ERF 1
| #define HAVE_ERFC 1
| #define HAVE_EXP10 1
| /* end confdefs.h.  */
| 
| /* Override any GCC internal prototype to avoid an error.
|    Use char because int might match the return type of a GCC
|    builtin and then its argument prototype would still apply.  */
| char __exp10 ();
| int
| main (void)
| {
| return __exp10 ();
|   ;
|   return 0;
| }
configure:18280: result: no
configure:18298: checking for exp2 in -lm
configure:18321: gcc -o conftest -g -O2 -pthread   conftest.c -lm  -lpthread  >&5
conftest.c:81:6: warning: conflicting types for built-in function 'exp2'; expected 'double(double)' [-Wbuiltin-declaration-mismatch]
   81 | char exp2 ();
      |      ^~~~
conftest.c:1:1: note: 'exp2' is declared in header '<math.h>'
    1 | /* confdefs.h */
configure:18321: $? = 0
configure:18331: result: yes
configure:18350: checking for exp in -lm
configure:18373: gcc -o conftest -g -O2 -pthread   conftest.c -lm  -lpthread  >&5
conftest.c:82:6: warning: conflicting types for built-in function 'exp'; expected 'double(double)' [-Wbuiltin-declaration-mismatch]
   82 | char exp ();
      |      ^~~
conftest.c:1:1: note: 'exp' is declared in header '<math.h>'
    1 | /* confdefs.h */
configure:18373: $? = 0
configure:18383: result: yes
configure:18402: checking for expm1 in -lm
configure:18425: gcc -o conftest -g -O2 -pthread   conftest.c -lm  -lpthread  >&5
conftest.c:83:6: warning: conflicting types for built-in function 'expm1'; expected 'double(double)' [-Wbuiltin-declaration-mismatch]
   83 | char expm1 ();
      |      ^~~~~
conftest.c:1:1: note: 'expm1' is declared in header '<math.h>'
    1 | /* confdefs.h */
configure:18425: $? = 0
configure:18435: result: yes
configure:18454: checking for fabs in -lm
configure:18477: gcc -o conftest -g -O2 -pthread   conftest.c -lm  -lpthread  >&5
conftest.c:84:6: warning: conflicting types for built-in function 'fabs'; expected 'double(double)' [-Wbuiltin-declaration-mismatch]
   84 | char fabs ();
      |      ^~~~
conftest.c:1:1: note: 'fabs' is declared in header '<math.h>'
    1 | /* confdefs.h */
configure:18477: $? = 0
configure:18487: result: yes
configure:18506: checking for fdim in -lm
configure:18529: gcc -o conftest -g -O2 -pthread   conftest.c -lm  -lpthread  >&5
conftest.c:85:6: warning: conflicting types for built-in function 'fdim'; expected 'double(double,  double)' [-Wbuiltin-declaration-mismatch]
   85 | char fdim ();
      |      ^~~~
conftest.c:1:1: note: 'fdim' is declared in header '<math.h>'
    1 | /* confdefs.h */
configure:18529: $? = 0
configure:18539: result: yes
configure:18558: checking for floor in -lm
configure:18581: gcc -o conftest -g -O2 -pthread   conftest.c -lm  -lpthread  >&5
conftest.c:86:6: warning: conflicting types for built-in function 'floor'; expected 'double(double)' [-Wbuiltin-declaration-mismatch]
   86 | char floor ();
      |      ^~~~~
conftest.c:1:1: note: 'floor' is declared in header '<math.h>'
    1 | /* confdefs.h */
configure:18581: $? = 0
configure:18591: result: yes
configure:18610: checking for fma in -lm
configure:18633: gcc -o conftest -g -O2 -pthread   conftest.c -lm  -lpthread  >&5
conftest.c:87:6: warning: conflicting types for built-in function 'fma'; expected 'double(double,  double,  double)' [-Wbuiltin-declaration-mismatch]
   87 | char fma ();
      |      ^~~
conftest.c:1:1: note: 'fma' is declared in header '<math.h>'
    1 | /* confdefs.h */
configure:18633: $? = 0
configure:18643: result: yes
configure:18662: checking for fmax in -lm
configure:18685: gcc -o conftest -g -O2 -pthread   conftest.c -lm  -lpthread  >&5
conftest.c:88:6: warning: conflicting types for built-in function 'fmax'; expected 'double(double,  double)' [-Wbuiltin-declaration-mismatch]
   88 | char fmax ();
      |      ^~~~
conftest.c:1:1: note: 'fmax' is declared in header '<math.h>'
    1 | /* confdefs.h */
configure:18685: $? = 0
configure:18695: result: yes
configure:18714: checking for fmin in -lm
configure:18737: gcc -o conftest -g -O2 -pthread   conftest.c -lm  -lpthread  >&5
conftest.c:89:6: warning: conflicting types for built-in function 'fmin'; expected 'double(double,  double)' [-Wbuiltin-declaration-mismatch]
   89 | char fmin ();
      |      ^~~~
conftest.c:1:1: note: 'fmin' is declared in header '<math.h>'
    1 | /* confdefs.h */
configure:18737: $? = 0
configure:18747: result: yes
configure:18766: checking for fmod in -lm
configure:18789: gcc -o conftest -g -O2 -pthread   conftest.c -lm  -lpthread  >&5
conftest.c:90:6: warning: conflicting types for built-in function 'fmod'; expected 'double(double,  double)' [-Wbuiltin-declaration-mismatch]
   90 | char fmod ();
      |      ^~~~
conftest.c:1:1: note: 'fmod' is declared in header '<math.h>'
    1 | /* confdefs.h */
configure:18789: $? = 0
configure:18799: result: yes
configure:18818: checking for frexp in -lm
configure:18841: gcc -o conftest -g -O2 -pthread   conftest.c -lm  -lpthread  >&5
conftest.c:91:6: warning: conflicting types for built-in function 'frexp'; expected 'double(double,  int *)' [-Wbuiltin-declaration-mismatch]
   91 | char frexp ();
      |      ^~~~~
conftest.c:1:1: note: 'frexp' is declared in header '<math.h>'
    1 | /* confdefs.h */
configure:18841: $? = 0
configure:18851: result: yes
configure:18870: checking for gamma in -lm
configure:18893: gcc -o conftest -g -O2 -pthread   conftest.c -lm  -lpthread  >&5
conftest.c:92:6: warning: conflicting types for built-in function 'gamma'; expected 'double(double)' [-Wbuiltin-declaration-mismatch]
   92 | char gamma ();
      |      ^~~~~
configure:18893: $? = 0
configure:18903: result: yes
configure:18922: checking for hypot in -lm
configure:18945: gcc -o conftest -g -O2 -pthread   conftest.c -lm  -lpthread  >&5
conftest.c:93:6: warning: conflicting types for built-in function 'hypot'; expected 'double(double,  double)' [-Wbuiltin-declaration-mismatch]
   93 | char hypot ();
      |      ^~~~~
conftest.c:1:1: note: 'hypot' is declared in header '<math.h>'
    1 | /* confdefs.h */
configure:18945: $? = 0
configure:18955: result: yes
configure:18974: checking for j0 in -lm
configure:18997: gcc -o conftest -g -O2 -pthread   conftest.c -lm  -lpthread  >&5
conftest.c:94:6: warning: conflicting types for built-in function 'j0'; expected 'double(double)' [-Wbuiltin-declaration-mismatch]
   94 | char j0 ();
      |      ^~
configure:18997: $? = 0
configure:19007: result: yes
configure:19026: checking for j1 in -lm
configure:19049: gcc -o conftest -g -O2 -pthread   conftest.c -lm  -lpthread  >&5
conftest.c:95:6: warning: conflicting types for built-in function 'j1'; expected 'double(double)' [-Wbuiltin-declaration-mismatch]
   95 | char j1 ();
      |      ^~
configure:19049: $? = 0
configure:19059: result: yes
configure:19078: checking for jn in -lm
configure:19101: gcc -o conftest -g -O2 -pthread   conftest.c -lm  -lpthread  >&5
conftest.c:96:6: warning: conflicting types for built-in function 'jn'; expected 'double(int,  double)' [-Wbuiltin-declaration-mismatch]
   96 | char jn ();
      |      ^~
configure:19101: $? = 0
configure:19111: result: yes
configure:19130: checking for ldexp in -lm
configure:19153: gcc -o conftest -g -O2 -pthread   conftest.c -lm  -lpthread  >&5
conftest.c:97:6: warning: conflicting types for built-in function 'ldexp'; expected 'double(double,  int)' [-Wbuiltin-declaration-mismatch]
   97 | char ldexp ();
      |      ^~~~~
conftest.c:1:1: note: 'ldexp' is declared in header '<math.h>'
    1 | /* confdefs.h */
configure:19153: $? = 0
configure:19163: result: yes
configure:19182: checking for lgamma in -lm
configure:19205: gcc -o conftest -g -O2 -pthread   conftest.c -lm  -lpthread  >&5
conftest.c:98:6: warning: conflicting types for built-in function 'lgamma'; expected 'double(double)' [-Wbuiltin-declaration-mismatch]
   98 | char lgamma ();
      |      ^~~~~~
conftest.c:1:1: note: 'lgamma' is declared in header '<math.h>'
    1 | /* confdefs.h */
configure:19205: $? = 0
configure:19215: result: yes
configure:19234: checking for log10 in -lm
configure:19257: gcc -o conftest -g -O2 -pthread   conftest.c -lm  -lpthread  >&5
conftest.c:99:6: warning: conflicting types for built-in function 'log10'; expected 'double(double)' [-Wbuiltin-declaration-mismatch]
   99 | char log10 ();
      |      ^~~~~
conftest.c:1:1: note: 'log10' is declared in header '<math.h>'
    1 | /* confdefs.h */
configure:19257: $? = 0
configure:19267: result: yes
configure:19286: checking for log1p in -lm
configure:19309: gcc -o conftest -g -O2 -pthread   conftest.c -lm  -lpthread  >&5
conftest.c:100:6: warning: conflicting types for built-in function 'log1p'; expected 'double(double)' [-Wbuiltin-declaration-mismatch]
  100 | char log1p ();
      |      ^~~~~
conftest.c:1:1: note: 'log1p' is declared in header '<math.h>'
    1 | /* confdefs.h */
configure:19309: $? = 0
configure:19319: result: yes
configure:19338: checking for log2 in -lm
configure:19361: gcc -o conftest -g -O2 -pthread   conftest.c -lm  -lpthread  >&5
conftest.c:101:6: warning: conflicting types for built-in function 'log2'; expected 'double(double)' [-Wbuiltin-declaration-mismatch]
  101 | char log2 ();
      |      ^~~~
conftest.c:1:1: note: 'log2' is declared in header '<math.h>'
    1 | /* confdefs.h */
configure:19361: $? = 0
configure:19371: result: yes
configure:19390: checking for log in -lm
configure:19413: gcc -o conftest -g -O2 -pthread   conftest.c -lm  -lpthread  >&5
conftest.c:102:6: warning: conflicting types for built-in function 'log'; expected 'double(double)' [-Wbuiltin-declaration-mismatch]
  102 | char log ();
      |      ^~~
conftest.c:1:1: note: 'log' is declared in header '<math.h>'
    1 | /* confdefs.h */
configure:19413: $? = 0
configure:19423: result: yes
configure:19442: checking for logb in -lm
configure:19465: gcc -o conftest -g -O2 -pthread   conftest.c -lm  -lpthread  >&5
conftest.c:103:6: warning: conflicting types for built-in function 'logb'; expected 'double(double)' [-Wbuiltin-declaration-mismatch]
  103 | char logb ();
      |      ^~~~
conftest.c:1:1: note: 'logb' is declared in header '<math.h>'
    1 | /* confdefs.h */
configure:19465: $? = 0
configure:19475: result: yes
configure:19494: checking for modf in -lm
configure:19517: gcc -o conftest -g -O2 -pthread   conftest.c -lm  -lpthread  >&5
conftest.c:104:6: warning: conflicting types for built-in function 'modf'; expected 'double(double,  double *)' [-Wbuiltin-declaration-mismatch]
  104 | char modf ();
      |      ^~~~
conftest.c:1:1: note: 'modf' is declared in header '<math.h>'
    1 | /* confdefs.h */
configure:19517: $? = 0
configure:19527: result: yes
configure:19546: checking for lgamma_r in -lm
configure:19569: gcc -o conftest -g -O2 -pthread   conftest.c -lm  -lpthread  >&5
conftest.c:105:6: warning: conflicting types for built-in function 'lgamma_r'; expected 'double(double,  int *)' [-Wbuiltin-declaration-mismatch]
  105 | char lgamma_r ();
      |      ^~~~~~~~
configure:19569: $? = 0
configure:19579: result: yes
configure:19598: checking for nearbyint in -lm
configure:19621: gcc -o conftest -g -O2 -pthread   conftest.c -lm  -lpthread  >&5
conftest.c:106:6: warning: conflicting types for built-in function 'nearbyint'; expected 'double(double)' [-Wbuiltin-declaration-mismatch]
  106 | char nearbyint ();
      |      ^~~~~~~~~
conftest.c:1:1: note: 'nearbyint' is declared in header '<math.h>'
    1 | /* confdefs.h */
configure:19621: $? = 0
configure:19631: result: yes
configure:19650: checking for nextafter in -lm
configure:19673: gcc -o conftest -g -O2 -pthread   conftest.c -lm  -lpthread  >&5
conftest.c:107:6: warning: conflicting types for built-in function 'nextafter'; expected 'double(double,  double)' [-Wbuiltin-declaration-mismatch]
  107 | char nextafter ();
      |      ^~~~~~~~~
conftest.c:1:1: note: 'nextafter' is declared in header '<math.h>'
    1 | /* confdefs.h */
configure:19673: $? = 0
configure:19683: result: yes
configure:19702: checking for nexttoward in -lm
configure:19725: gcc -o conftest -g -O2 -pthread   conftest.c -lm  -lpthread  >&5
conftest.c:108:6: warning: conflicting types for built-in function 'nexttoward'; expected 'double(double,  long double)' [-Wbuiltin-declaration-mismatch]
  108 | char nexttoward ();
      |      ^~~~~~~~~~
conftest.c:1:1: note: 'nexttoward' is declared in header '<math.h>'
    1 | /* confdefs.h */
configure:19725: $? = 0
configure:19735: result: yes
configure:19754: checking for pow10 in -lm
configure:19777: gcc -o conftest -g -O2 -pthread   conftest.c -lm  -lpthread  >&5
conftest.c:109:6: warning: conflicting types for built-in function 'pow10'; expected 'double(double)' [-Wbuiltin-declaration-mismatch]
  109 | char pow10 ();
      |      ^~~~~
/bin/ld: /tmp/ccsVW9nI.o: in function `main':
/home/rubio/cjq/experiment/conftest.c:113: undefined reference to `pow10'
collect2: error: ld returned 1 exit status
configure:19777: $? = 1
configure: failed program was:
| /* confdefs.h */
| #define PACKAGE_NAME "jq"
| #define PACKAGE_TARNAME "jq"
| #define PACKAGE_VERSION "1.7.1-27-g913b264-dirty"
| #define PACKAGE_STRING "jq 1.7.1-27-g913b264-dirty"
| #define PACKAGE_BUGREPORT "https://github.com/jqlang/jq/issues"
| #define PACKAGE_URL "https://jqlang.github.io/jq"
| #define HAVE_STDIO_H 1
| #define HAVE_STDLIB_H 1
| #define HAVE_STRING_H 1
| #define HAVE_INTTYPES_H 1
| #define HAVE_STDINT_H 1
| #define HAVE_STRINGS_H 1
| #define HAVE_SYS_STAT_H 1
| #define HAVE_SYS_TYPES_H 1
| #define HAVE_UNISTD_H 1
| #define HAVE_WCHAR_H 1
| #define STDC_HEADERS 1
| #define _ALL_SOURCE 1
| #define _DARWIN_C_SOURCE 1
| #define _GNU_SOURCE 1
| #define _HPUX_ALT_XOPEN_SOCKET_API 1
| #define _NETBSD_SOURCE 1
| #define _OPENBSD_SOURCE 1
| #define _POSIX_PTHREAD_SEMANTICS 1
| #define __STDC_WANT_IEC_60559_ATTRIBS_EXT__ 1
| #define __STDC_WANT_IEC_60559_BFP_EXT__ 1
| #define __STDC_WANT_IEC_60559_DFP_EXT__ 1
| #define __STDC_WANT_IEC_60559_FUNCS_EXT__ 1
| #define __STDC_WANT_IEC_60559_TYPES_EXT__ 1
| #define __STDC_WANT_LIB_EXT2__ 1
| #define __STDC_WANT_MATH_SPEC_FUNCS__ 1
| #define _TANDEM_SOURCE 1
| #define __EXTENSIONS__ 1
| #define PACKAGE "jq"
| #define VERSION "1.7.1-27-g913b264-dirty"
| #define HAVE_DLFCN_H 1
| #define LT_OBJDIR ".libs/"
| #define HAVE_MEMMEM 1
| #define USE_DECNUM 1
| #define HAVE_PTHREAD_PRIO_INHERIT 1
| #define HAVE_PTHREAD 1
| #define HAVE_ALLOCA_H 1
| #define HAVE_ALLOCA 1
| #define HAVE_ISATTY 1
| #define HAVE_STRPTIME 1
| #define HAVE_STRFTIME 1
| #define HAVE_SETENV 1
| #define HAVE_TIMEGM 1
| #define HAVE_GMTIME_R 1
| #define HAVE_GMTIME 1
| #define HAVE_LOCALTIME_R 1
| #define HAVE_LOCALTIME 1
| #define HAVE_GETTIMEOFDAY 1
| #define HAVE_TM_TM_GMT_OFF 1
| #define HAVE_SETLOCALE 1
| #define HAVE_PTHREAD_KEY_CREATE 1
| #define HAVE_PTHREAD_ONCE 1
| #define HAVE_ATEXIT 1
| #define HAVE_ACOS 1
| #define HAVE_ACOSH 1
| #define HAVE_ASIN 1
| #define HAVE_ASINH 1
| #define HAVE_ATAN2 1
| #define HAVE_ATAN 1
| #define HAVE_ATANH 1
| #define HAVE_CBRT 1
| #define HAVE_CEIL 1
| #define HAVE_COPYSIGN 1
| #define HAVE_COS 1
| #define HAVE_COSH 1
| #define HAVE_DREM 1
| #define HAVE_ERF 1
| #define HAVE_ERFC 1
| #define HAVE_EXP10 1
| #define HAVE_EXP2 1
| #define HAVE_EXP 1
| #define HAVE_EXPM1 1
| #define HAVE_FABS 1
| #define HAVE_FDIM 1
| #define HAVE_FLOOR 1
| #define HAVE_FMA 1
| #define HAVE_FMAX 1
| #define HAVE_FMIN 1
| #define HAVE_FMOD 1
| #define HAVE_FREXP 1
| #define HAVE_GAMMA 1
| #define HAVE_HYPOT 1
| #define HAVE_J0 1
| #define HAVE_J1 1
| #define HAVE_JN 1
| #define HAVE_LDEXP 1
| #define HAVE_LGAMMA 1
| #define HAVE_LOG10 1
| #define HAVE_LOG1P 1
| #define HAVE_LOG2 1
| #define HAVE_LOG 1
| #define HAVE_LOGB 1
| #define HAVE_MODF 1
| #define HAVE_LGAMMA_R 1
| #define HAVE_NEARBYINT 1
| #define HAVE_NEXTAFTER 1
| #define HAVE_NEXTTOWARD 1
| /* end confdefs.h.  */
| 
| /* Override any GCC internal prototype to avoid an error.
|    Use char because int might match the return type of a GCC
|    builtin and then its argument prototype would still apply.  */
| char pow10 ();
| int
| main (void)
| {
| return pow10 ();
|   ;
|   return 0;
| }
configure:19787: result: no
configure:19806: checking for pow in -lm
configure:19829: gcc -o conftest -g -O2 -pthread   conftest.c -lm  -lpthread  >&5
conftest.c:109:6: warning: conflicting types for built-in function 'pow'; expected 'double(double,  double)' [-Wbuiltin-declaration-mismatch]
  109 | char pow ();
      |      ^~~
conftest.c:1:1: note: 'pow' is declared in header '<math.h>'
    1 | /* confdefs.h */
configure:19829: $? = 0
configure:19839: result: yes
configure:19858: checking for remainder in -lm
configure:19881: gcc -o conftest -g -O2 -pthread   conftest.c -lm  -lpthread  >&5
conftest.c:110:6: warning: conflicting types for built-in function 'remainder'; expected 'double(double,  double)' [-Wbuiltin-declaration-mismatch]
  110 | char remainder ();
      |      ^~~~~~~~~
conftest.c:1:1: note: 'remainder' is declared in header '<math.h>'
    1 | /* confdefs.h */
configure:19881: $? = 0
configure:19891: result: yes
configure:19910: checking for rint in -lm
configure:19933: gcc -o conftest -g -O2 -pthread   conftest.c -lm  -lpthread  >&5
conftest.c:111:6: warning: conflicting types for built-in function 'rint'; expected 'double(double)' [-Wbuiltin-declaration-mismatch]
  111 | char rint ();
      |      ^~~~
conftest.c:1:1: note: 'rint' is declared in header '<math.h>'
    1 | /* confdefs.h */
configure:19933: $? = 0
configure:19943: result: yes
configure:19962: checking for round in -lm
configure:19985: gcc -o conftest -g -O2 -pthread   conftest.c -lm  -lpthread  >&5
conftest.c:112:6: warning: conflicting types for built-in function 'round'; expected 'double(double)' [-Wbuiltin-declaration-mismatch]
  112 | char round ();
      |      ^~~~~
conftest.c:1:1: note: 'round' is declared in header '<math.h>'
    1 | /* confdefs.h */
configure:19985: $? = 0
configure:19995: result: yes
configure:20014: checking for scalb in -lm
configure:20037: gcc -o conftest -g -O2 -pthread   conftest.c -lm  -lpthread  >&5
conftest.c:113:6: warning: conflicting types for built-in function 'scalb'; expected 'double(double,  double)' [-Wbuiltin-declaration-mismatch]
  113 | char scalb ();
      |      ^~~~~
configure:20037: $? = 0
configure:20047: result: yes
configure:20066: checking for scalbln in -lm
configure:20089: gcc -o conftest -g -O2 -pthread   conftest.c -lm  -lpthread  >&5
conftest.c:114:6: warning: conflicting types for built-in function 'scalbln'; expected 'double(double,  long int)' [-Wbuiltin-declaration-mismatch]
  114 | char scalbln ();
      |      ^~~~~~~
conftest.c:1:1: note: 'scalbln' is declared in header '<math.h>'
    1 | /* confdefs.h */
configure:20089: $? = 0
configure:20099: result: yes
configure:20118: checking for significand in -lm
configure:20141: gcc -o conftest -g -O2 -pthread   conftest.c -lm  -lpthread  >&5
conftest.c:115:6: warning: conflicting types for built-in function 'significand'; expected 'double(double)' [-Wbuiltin-declaration-mismatch]
  115 | char significand ();
      |      ^~~~~~~~~~~
configure:20141: $? = 0
configure:20151: result: yes
configure:20170: checking for scalbn in -lm
configure:20193: gcc -o conftest -g -O2 -pthread   conftest.c -lm  -lpthread  >&5
conftest.c:116:6: warning: conflicting types for built-in function 'scalbn'; expected 'double(double,  int)' [-Wbuiltin-declaration-mismatch]
  116 | char scalbn ();
      |      ^~~~~~
conftest.c:1:1: note: 'scalbn' is declared in header '<math.h>'
    1 | /* confdefs.h */
configure:20193: $? = 0
configure:20203: result: yes
configure:20222: checking for ilogb in -lm
configure:20245: gcc -o conftest -g -O2 -pthread   conftest.c -lm  -lpthread  >&5
conftest.c:117:6: warning: conflicting types for built-in function 'ilogb'; expected 'int(double)' [-Wbuiltin-declaration-mismatch]
  117 | char ilogb ();
      |      ^~~~~
conftest.c:1:1: note: 'ilogb' is declared in header '<math.h>'
    1 | /* confdefs.h */
configure:20245: $? = 0
configure:20255: result: yes
configure:20275: checking for sin in -lm
configure:20298: gcc -o conftest -g -O2 -pthread   conftest.c -lm  -lpthread  >&5
conftest.c:118:6: warning: conflicting types for built-in function 'sin'; expected 'double(double)' [-Wbuiltin-declaration-mismatch]
  118 | char sin ();
      |      ^~~
conftest.c:1:1: note: 'sin' is declared in header '<math.h>'
    1 | /* confdefs.h */
configure:20298: $? = 0
configure:20308: result: yes
configure:20327: checking for sinh in -lm
configure:20350: gcc -o conftest -g -O2 -pthread   conftest.c -lm  -lpthread  >&5
conftest.c:119:6: warning: conflicting types for built-in function 'sinh'; expected 'double(double)' [-Wbuiltin-declaration-mismatch]
  119 | char sinh ();
      |      ^~~~
conftest.c:1:1: note: 'sinh' is declared in header '<math.h>'
    1 | /* confdefs.h */
configure:20350: $? = 0
configure:20360: result: yes
configure:20379: checking for sqrt in -lm
configure:20402: gcc -o conftest -g -O2 -pthread   conftest.c -lm  -lpthread  >&5
conftest.c:120:6: warning: conflicting types for built-in function 'sqrt'; expected 'double(double)' [-Wbuiltin-declaration-mismatch]
  120 | char sqrt ();
      |      ^~~~
conftest.c:1:1: note: 'sqrt' is declared in header '<math.h>'
    1 | /* confdefs.h */
configure:20402: $? = 0
configure:20412: result: yes
configure:20431: checking for tan in -lm
configure:20454: gcc -o conftest -g -O2 -pthread   conftest.c -lm  -lpthread  >&5
conftest.c:121:6: warning: conflicting types for built-in function 'tan'; expected 'double(double)' [-Wbuiltin-declaration-mismatch]
  121 | char tan ();
      |      ^~~
conftest.c:1:1: note: 'tan' is declared in header '<math.h>'
    1 | /* confdefs.h */
configure:20454: $? = 0
configure:20464: result: yes
configure:20483: checking for tanh in -lm
configure:20506: gcc -o conftest -g -O2 -pthread   conftest.c -lm  -lpthread  >&5
conftest.c:122:6: warning: conflicting types for built-in function 'tanh'; expected 'double(double)' [-Wbuiltin-declaration-mismatch]
  122 | char tanh ();
      |      ^~~~
conftest.c:1:1: note: 'tanh' is declared in header '<math.h>'
    1 | /* confdefs.h */
configure:20506: $? = 0
configure:20516: result: yes
configure:20535: checking for tgamma in -lm
configure:20558: gcc -o conftest -g -O2 -pthread   conftest.c -lm  -lpthread  >&5
conftest.c:123:6: warning: conflicting types for built-in function 'tgamma'; expected 'double(double)' [-Wbuiltin-declaration-mismatch]
  123 | char tgamma ();
      |      ^~~~~~
conftest.c:1:1: note: 'tgamma' is declared in header '<math.h>'
    1 | /* confdefs.h */
configure:20558: $? = 0
configure:20568: result: yes
configure:20587: checking for trunc in -lm
configure:20610: gcc -o conftest -g -O2 -pthread   conftest.c -lm  -lpthread  >&5
conftest.c:124:6: warning: conflicting types for built-in function 'trunc'; expected 'double(double)' [-Wbuiltin-declaration-mismatch]
  124 | char trunc ();
      |      ^~~~~
conftest.c:1:1: note: 'trunc' is declared in header '<math.h>'
    1 | /* confdefs.h */
configure:20610: $? = 0
configure:20620: result: yes
configure:20639: checking for y0 in -lm
configure:20662: gcc -o conftest -g -O2 -pthread   conftest.c -lm  -lpthread  >&5
conftest.c:125:6: warning: conflicting types for built-in function 'y0'; expected 'double(double)' [-Wbuiltin-declaration-mismatch]
  125 | char y0 ();
      |      ^~
configure:20662: $? = 0
configure:20672: result: yes
configure:20691: checking for y1 in -lm
configure:20714: gcc -o conftest -g -O2 -pthread   conftest.c -lm  -lpthread  >&5
conftest.c:126:6: warning: conflicting types for built-in function 'y1'; expected 'double(double)' [-Wbuiltin-declaration-mismatch]
  126 | char y1 ();
      |      ^~
configure:20714: $? = 0
configure:20724: result: yes
configure:20743: checking for yn in -lm
configure:20766: gcc -o conftest -g -O2 -pthread   conftest.c -lm  -lpthread  >&5
conftest.c:127:6: warning: conflicting types for built-in function 'yn'; expected 'double(int,  double)' [-Wbuiltin-declaration-mismatch]
  127 | char yn ();
      |      ^~
configure:20766: $? = 0
configure:20776: result: yes
configure:20790: checking for thread-local storage
configure:20799: gcc -o conftest -g -O2 -pthread   conftest.c -lpthread  >&5
configure:20799: $? = 0
configure:20810: result: yes
configure:20813: checking whether byte ordering is bigendian
configure:20829: gcc -c -g -O2 -pthread  conftest.c >&5
conftest.c:126:16: error: unknown type name 'not'
  126 |                not a universal capable compiler
      |                ^~~
conftest.c:126:22: error: expected '=', ',', ';', 'asm' or '__attribute__' before 'universal'
  126 |                not a universal capable compiler
      |                      ^~~~~~~~~
conftest.c:126:22: error: unknown type name 'universal'
configure:20829: $? = 1
configure: failed program was:
| /* confdefs.h */
| #define PACKAGE_NAME "jq"
| #define PACKAGE_TARNAME "jq"
| #define PACKAGE_VERSION "1.7.1-27-g913b264-dirty"
| #define PACKAGE_STRING "jq 1.7.1-27-g913b264-dirty"
| #define PACKAGE_BUGREPORT "https://github.com/jqlang/jq/issues"
| #define PACKAGE_URL "https://jqlang.github.io/jq"
| #define HAVE_STDIO_H 1
| #define HAVE_STDLIB_H 1
| #define HAVE_STRING_H 1
| #define HAVE_INTTYPES_H 1
| #define HAVE_STDINT_H 1
| #define HAVE_STRINGS_H 1
| #define HAVE_SYS_STAT_H 1
| #define HAVE_SYS_TYPES_H 1
| #define HAVE_UNISTD_H 1
| #define HAVE_WCHAR_H 1
| #define STDC_HEADERS 1
| #define _ALL_SOURCE 1
| #define _DARWIN_C_SOURCE 1
| #define _GNU_SOURCE 1
| #define _HPUX_ALT_XOPEN_SOCKET_API 1
| #define _NETBSD_SOURCE 1
| #define _OPENBSD_SOURCE 1
| #define _POSIX_PTHREAD_SEMANTICS 1
| #define __STDC_WANT_IEC_60559_ATTRIBS_EXT__ 1
| #define __STDC_WANT_IEC_60559_BFP_EXT__ 1
| #define __STDC_WANT_IEC_60559_DFP_EXT__ 1
| #define __STDC_WANT_IEC_60559_FUNCS_EXT__ 1
| #define __STDC_WANT_IEC_60559_TYPES_EXT__ 1
| #define __STDC_WANT_LIB_EXT2__ 1
| #define __STDC_WANT_MATH_SPEC_FUNCS__ 1
| #define _TANDEM_SOURCE 1
| #define __EXTENSIONS__ 1
| #define PACKAGE "jq"
| #define VERSION "1.7.1-27-g913b264-dirty"
| #define HAVE_DLFCN_H 1
| #define LT_OBJDIR ".libs/"
| #define HAVE_MEMMEM 1
| #define USE_DECNUM 1
| #define HAVE_PTHREAD_PRIO_INHERIT 1
| #define HAVE_PTHREAD 1
| #define HAVE_ALLOCA_H 1
| #define HAVE_ALLOCA 1
| #define HAVE_ISATTY 1
| #define HAVE_STRPTIME 1
| #define HAVE_STRFTIME 1
| #define HAVE_SETENV 1
| #define HAVE_TIMEGM 1
| #define HAVE_GMTIME_R 1
| #define HAVE_GMTIME 1
| #define HAVE_LOCALTIME_R 1
| #define HAVE_LOCALTIME 1
| #define HAVE_GETTIMEOFDAY 1
| #define HAVE_TM_TM_GMT_OFF 1
| #define HAVE_SETLOCALE 1
| #define HAVE_PTHREAD_KEY_CREATE 1
| #define HAVE_PTHREAD_ONCE 1
| #define HAVE_ATEXIT 1
| #define HAVE_ACOS 1
| #define HAVE_ACOSH 1
| #define HAVE_ASIN 1
| #define HAVE_ASINH 1
| #define HAVE_ATAN2 1
| #define HAVE_ATAN 1
| #define HAVE_ATANH 1
| #define HAVE_CBRT 1
| #define HAVE_CEIL 1
| #define HAVE_COPYSIGN 1
| #define HAVE_COS 1
| #define HAVE_COSH 1
| #define HAVE_DREM 1
| #define HAVE_ERF 1
| #define HAVE_ERFC 1
| #define HAVE_EXP10 1
| #define HAVE_EXP2 1
| #define HAVE_EXP 1
| #define HAVE_EXPM1 1
| #define HAVE_FABS 1
| #define HAVE_FDIM 1
| #define HAVE_FLOOR 1
| #define HAVE_FMA 1
| #define HAVE_FMAX 1
| #define HAVE_FMIN 1
| #define HAVE_FMOD 1
| #define HAVE_FREXP 1
| #define HAVE_GAMMA 1
| #define HAVE_HYPOT 1
| #define HAVE_J0 1
| #define HAVE_J1 1
| #define HAVE_JN 1
| #define HAVE_LDEXP 1
| #define HAVE_LGAMMA 1
| #define HAVE_LOG10 1
| #define HAVE_LOG1P 1
| #define HAVE_LOG2 1
| #define HAVE_LOG 1
| #define HAVE_LOGB 1
| #define HAVE_MODF 1
| #define HAVE_LGAMMA_R 1
| #define HAVE_NEARBYINT 1
| #define HAVE_NEXTAFTER 1
| #define HAVE_NEXTTOWARD 1
| #define HAVE_POW 1
| #define HAVE_REMAINDER 1
| #define HAVE_RINT 1
| #define HAVE_ROUND 1
| #define HAVE_SCALB 1
| #define HAVE_SCALBLN 1
| #define HAVE_SIGNIFICAND 1
| #define HAVE_SCALBN 1
| #define HAVE_ILOGB 1
| #define HAVE_SIN 1
| #define HAVE_SINH 1
| #define HAVE_SQRT 1
| #define HAVE_TAN 1
| #define HAVE_TANH 1
| #define HAVE_TGAMMA 1
| #define HAVE_TRUNC 1
| #define HAVE_Y0 1
| #define HAVE_Y1 1
| #define HAVE_YN 1
| #define HAVE___THREAD 1
| /* end confdefs.h.  */
| #ifndef __APPLE_CC__
| 	       not a universal capable compiler
| 	     #endif
| 	     typedef int dummy;
| 
configure:20875: gcc -c -g -O2 -pthread  conftest.c >&5
configure:20875: $? = 0
configure:20894: gcc -c -g -O2 -pthread  conftest.c >&5
conftest.c: In function 'main':
conftest.c:132:18: error: unknown type name 'not'; did you mean 'ino_t'?
  132 |                  not big endian
      |                  ^~~
      |                  ino_t
conftest.c:132:26: error: expected '=', ',', ';', 'asm' or '__attribute__' before 'endian'
  132 |                  not big endian
      |                          ^~~~~~
configure:20894: $? = 1
configure: failed program was:
| /* confdefs.h */
| #define PACKAGE_NAME "jq"
| #define PACKAGE_TARNAME "jq"
| #define PACKAGE_VERSION "1.7.1-27-g913b264-dirty"
| #define PACKAGE_STRING "jq 1.7.1-27-g913b264-dirty"
| #define PACKAGE_BUGREPORT "https://github.com/jqlang/jq/issues"
| #define PACKAGE_URL "https://jqlang.github.io/jq"
| #define HAVE_STDIO_H 1
| #define HAVE_STDLIB_H 1
| #define HAVE_STRING_H 1
| #define HAVE_INTTYPES_H 1
| #define HAVE_STDINT_H 1
| #define HAVE_STRINGS_H 1
| #define HAVE_SYS_STAT_H 1
| #define HAVE_SYS_TYPES_H 1
| #define HAVE_UNISTD_H 1
| #define HAVE_WCHAR_H 1
| #define STDC_HEADERS 1
| #define _ALL_SOURCE 1
| #define _DARWIN_C_SOURCE 1
| #define _GNU_SOURCE 1
| #define _HPUX_ALT_XOPEN_SOCKET_API 1
| #define _NETBSD_SOURCE 1
| #define _OPENBSD_SOURCE 1
| #define _POSIX_PTHREAD_SEMANTICS 1
| #define __STDC_WANT_IEC_60559_ATTRIBS_EXT__ 1
| #define __STDC_WANT_IEC_60559_BFP_EXT__ 1
| #define __STDC_WANT_IEC_60559_DFP_EXT__ 1
| #define __STDC_WANT_IEC_60559_FUNCS_EXT__ 1
| #define __STDC_WANT_IEC_60559_TYPES_EXT__ 1
| #define __STDC_WANT_LIB_EXT2__ 1
| #define __STDC_WANT_MATH_SPEC_FUNCS__ 1
| #define _TANDEM_SOURCE 1
| #define __EXTENSIONS__ 1
| #define PACKAGE "jq"
| #define VERSION "1.7.1-27-g913b264-dirty"
| #define HAVE_DLFCN_H 1
| #define LT_OBJDIR ".libs/"
| #define HAVE_MEMMEM 1
| #define USE_DECNUM 1
| #define HAVE_PTHREAD_PRIO_INHERIT 1
| #define HAVE_PTHREAD 1
| #define HAVE_ALLOCA_H 1
| #define HAVE_ALLOCA 1
| #define HAVE_ISATTY 1
| #define HAVE_STRPTIME 1
| #define HAVE_STRFTIME 1
| #define HAVE_SETENV 1
| #define HAVE_TIMEGM 1
| #define HAVE_GMTIME_R 1
| #define HAVE_GMTIME 1
| #define HAVE_LOCALTIME_R 1
| #define HAVE_LOCALTIME 1
| #define HAVE_GETTIMEOFDAY 1
| #define HAVE_TM_TM_GMT_OFF 1
| #define HAVE_SETLOCALE 1
| #define HAVE_PTHREAD_KEY_CREATE 1
| #define HAVE_PTHREAD_ONCE 1
| #define HAVE_ATEXIT 1
| #define HAVE_ACOS 1
| #define HAVE_ACOSH 1
| #define HAVE_ASIN 1
| #define HAVE_ASINH 1
| #define HAVE_ATAN2 1
| #define HAVE_ATAN 1
| #define HAVE_ATANH 1
| #define HAVE_CBRT 1
| #define HAVE_CEIL 1
| #define HAVE_COPYSIGN 1
| #define HAVE_COS 1
| #define HAVE_COSH 1
| #define HAVE_DREM 1
| #define HAVE_ERF 1
| #define HAVE_ERFC 1
| #define HAVE_EXP10 1
| #define HAVE_EXP2 1
| #define HAVE_EXP 1
| #define HAVE_EXPM1 1
| #define HAVE_FABS 1
| #define HAVE_FDIM 1
| #define HAVE_FLOOR 1
| #define HAVE_FMA 1
| #define HAVE_FMAX 1
| #define HAVE_FMIN 1
| #define HAVE_FMOD 1
| #define HAVE_FREXP 1
| #define HAVE_GAMMA 1
| #define HAVE_HYPOT 1
| #define HAVE_J0 1
| #define HAVE_J1 1
| #define HAVE_JN 1
| #define HAVE_LDEXP 1
| #define HAVE_LGAMMA 1
| #define HAVE_LOG10 1
| #define HAVE_LOG1P 1
| #define HAVE_LOG2 1
| #define HAVE_LOG 1
| #define HAVE_LOGB 1
| #define HAVE_MODF 1
| #define HAVE_LGAMMA_R 1
| #define HAVE_NEARBYINT 1
| #define HAVE_NEXTAFTER 1
| #define HAVE_NEXTTOWARD 1
| #define HAVE_POW 1
| #define HAVE_REMAINDER 1
| #define HAVE_RINT 1
| #define HAVE_ROUND 1
| #define HAVE_SCALB 1
| #define HAVE_SCALBLN 1
| #define HAVE_SIGNIFICAND 1
| #define HAVE_SCALBN 1
| #define HAVE_ILOGB 1
| #define HAVE_SIN 1
| #define HAVE_SINH 1
| #define HAVE_SQRT 1
| #define HAVE_TAN 1
| #define HAVE_TANH 1
| #define HAVE_TGAMMA 1
| #define HAVE_TRUNC 1
| #define HAVE_Y0 1
| #define HAVE_Y1 1
| #define HAVE_YN 1
| #define HAVE___THREAD 1
| /* end confdefs.h.  */
| #include <sys/types.h>
| 		#include <sys/param.h>
| 
| int
| main (void)
| {
| #if BYTE_ORDER != BIG_ENDIAN
| 		 not big endian
| 		#endif
| 
|   ;
|   return 0;
| }
configure:21028: result: no
configure:21091: checking for oniguruma.h
configure:21091: gcc -c -g -O2 -pthread   conftest.c >&5
configure:21091: $? = 0
configure:21091: result: yes
configure:21094: checking for onig_version in -lonig
configure:21117: gcc -o conftest -g -O2 -pthread     conftest.c -lonig  -lpthread  >&5
configure:21117: $? = 0
configure:21127: result: yes
configure:21328: checking that generated files are newer than configure
configure:21334: result: done
configure:21401: creating ./config.status

## ---------------- ##
## Cache variables. ##
## ---------------- ##

ac_cv_build=x86_64-pc-linux-gnu
ac_cv_c_bigendian=no
ac_cv_c_compiler_gnu=yes
ac_cv_env_CC_set=
ac_cv_env_CC_value=
ac_cv_env_CFLAGS_set=
ac_cv_env_CFLAGS_value=
ac_cv_env_CPPFLAGS_set=
ac_cv_env_CPPFLAGS_value=
ac_cv_env_CPP_set=
ac_cv_env_CPP_value=
ac_cv_env_LDFLAGS_set=
ac_cv_env_LDFLAGS_value=
ac_cv_env_LIBS_set=
ac_cv_env_LIBS_value=
ac_cv_env_LT_SYS_LIBRARY_PATH_set=
ac_cv_env_LT_SYS_LIBRARY_PATH_value=
ac_cv_env_PIPENV_set=
ac_cv_env_PIPENV_value=
ac_cv_env_YACC_set=
ac_cv_env_YACC_value=
ac_cv_env_YFLAGS_set=
ac_cv_env_YFLAGS_value=
ac_cv_env_build_alias_set=
ac_cv_env_build_alias_value=
ac_cv_env_host_alias_set=
ac_cv_env_host_alias_value=
ac_cv_env_target_alias_set=
ac_cv_env_target_alias_value=
ac_cv_func__isatty=no
ac_cv_func_alloca_works=yes
ac_cv_func_atexit=yes
ac_cv_func_gettimeofday=yes
ac_cv_func_gmtime=yes
ac_cv_func_gmtime_r=yes
ac_cv_func_isatty=yes
ac_cv_func_localtime=yes
ac_cv_func_localtime_r=yes
ac_cv_func_memmem=yes
ac_cv_func_pthread_key_create=yes
ac_cv_func_pthread_once=yes
ac_cv_func_setenv=yes
ac_cv_func_setlocale=yes
ac_cv_func_strftime=yes
ac_cv_func_strptime=yes
ac_cv_func_timegm=yes
ac_cv_funclib__isatty=no
ac_cv_funclib_atexit=yes
ac_cv_funclib_gettimeofday=yes
ac_cv_funclib_gmtime=yes
ac_cv_funclib_gmtime_r=yes
ac_cv_funclib_isatty=yes
ac_cv_funclib_localtime=yes
ac_cv_funclib_localtime_r=yes
ac_cv_funclib_pthread_key_create=yes
ac_cv_funclib_pthread_once=yes
ac_cv_funclib_setenv=yes
ac_cv_funclib_setlocale=yes
ac_cv_funclib_strftime=yes
ac_cv_funclib_strptime=yes
ac_cv_funclib_timegm=yes
ac_cv_header_dlfcn_h=yes
ac_cv_header_inttypes_h=yes
ac_cv_header_minix_config_h=no
ac_cv_header_oniguruma_h=yes
ac_cv_header_shlwapi_h=no
ac_cv_header_stdint_h=yes
ac_cv_header_stdio_h=yes
ac_cv_header_stdlib_h=yes
ac_cv_header_string_h=yes
ac_cv_header_strings_h=yes
ac_cv_header_sys_cygwin_h=no
ac_cv_header_sys_stat_h=yes
ac_cv_header_sys_types_h=yes
ac_cv_header_unistd_h=yes
ac_cv_header_wchar_h=yes
ac_cv_host=x86_64-pc-linux-gnu
ac_cv_lib_m___exp10=no
ac_cv_lib_m_acos=yes
ac_cv_lib_m_acosh=yes
ac_cv_lib_m_asin=yes
ac_cv_lib_m_asinh=yes
ac_cv_lib_m_atan2=yes
ac_cv_lib_m_atan=yes
ac_cv_lib_m_atanh=yes
ac_cv_lib_m_cbrt=yes
ac_cv_lib_m_ceil=yes
ac_cv_lib_m_copysign=yes
ac_cv_lib_m_cos=yes
ac_cv_lib_m_cosh=yes
ac_cv_lib_m_drem=yes
ac_cv_lib_m_erf=yes
ac_cv_lib_m_erfc=yes
ac_cv_lib_m_exp10=yes
ac_cv_lib_m_exp2=yes
ac_cv_lib_m_exp=yes
ac_cv_lib_m_expm1=yes
ac_cv_lib_m_fabs=yes
ac_cv_lib_m_fdim=yes
ac_cv_lib_m_floor=yes
ac_cv_lib_m_fma=yes
ac_cv_lib_m_fmax=yes
ac_cv_lib_m_fmin=yes
ac_cv_lib_m_fmod=yes
ac_cv_lib_m_frexp=yes
ac_cv_lib_m_gamma=yes
ac_cv_lib_m_hypot=yes
ac_cv_lib_m_ilogb=yes
ac_cv_lib_m_j0=yes
ac_cv_lib_m_j1=yes
ac_cv_lib_m_jn=yes
ac_cv_lib_m_ldexp=yes
ac_cv_lib_m_lgamma=yes
ac_cv_lib_m_lgamma_r=yes
ac_cv_lib_m_log10=yes
ac_cv_lib_m_log1p=yes
ac_cv_lib_m_log2=yes
ac_cv_lib_m_log=yes
ac_cv_lib_m_logb=yes
ac_cv_lib_m_modf=yes
ac_cv_lib_m_nearbyint=yes
ac_cv_lib_m_nextafter=yes
ac_cv_lib_m_nexttoward=yes
ac_cv_lib_m_pow10=no
ac_cv_lib_m_pow=yes
ac_cv_lib_m_remainder=yes
ac_cv_lib_m_rint=yes
ac_cv_lib_m_round=yes
ac_cv_lib_m_scalb=yes
ac_cv_lib_m_scalbln=yes
ac_cv_lib_m_scalbn=yes
ac_cv_lib_m_significand=yes
ac_cv_lib_m_sin=yes
ac_cv_lib_m_sinh=yes
ac_cv_lib_m_sqrt=yes
ac_cv_lib_m_tan=yes
ac_cv_lib_m_tanh=yes
ac_cv_lib_m_tgamma=yes
ac_cv_lib_m_trunc=yes
ac_cv_lib_m_y0=yes
ac_cv_lib_m_y1=yes
ac_cv_lib_m_yn=yes
ac_cv_lib_onig_onig_version=yes
ac_cv_member_struct_tm___tm_gmtoff=no
ac_cv_member_struct_tm_tm_gmtoff=yes
ac_cv_objext=o
ac_cv_path_EGREP='/bin/grep -E'
ac_cv_path_FGREP='/bin/grep -F'
ac_cv_path_GREP=/bin/grep
ac_cv_path_SED=/bin/sed
ac_cv_path_install='/bin/install -c'
ac_cv_path_lt_DD=/bin/dd
ac_cv_path_mkdir=/bin/mkdir
ac_cv_prog_AWK=gawk
ac_cv_prog_CPP='gcc -E'
ac_cv_prog_YACC='bison -y'
ac_cv_prog_ac_ct_AR=ar
ac_cv_prog_ac_ct_CC=gcc
ac_cv_prog_ac_ct_MANIFEST_TOOL=mt
ac_cv_prog_ac_ct_OBJDUMP=objdump
ac_cv_prog_ac_ct_RANLIB=ranlib
ac_cv_prog_ac_ct_STRIP=strip
ac_cv_prog_cc_c11=
ac_cv_prog_cc_g=yes
ac_cv_prog_cc_stdc=
ac_cv_prog_make_make_set=yes
ac_cv_prog_valgrind_cmd=valgrind
ac_cv_safe_to_define___extensions__=yes
ac_cv_should_define__xopen_source=no
ac_cv_sys_file_offset_bits=no
ac_cv_sys_largefile_CC=no
ac_cv_type_size_t=yes
ac_cv_working_alloca_h=yes
am_cv_CC_dependencies_compiler_type=gcc3
am_cv_ar_interface=ar
am_cv_make_support_nested_variables=yes
am_cv_prog_cc_c_o=yes
ax_cv_PTHREAD_CLANG=no
ax_cv_PTHREAD_JOINABLE_ATTR=PTHREAD_CREATE_JOINABLE
ax_cv_PTHREAD_PRIO_INHERIT=yes
ax_cv_PTHREAD_SPECIAL_FLAGS=no
jq_cv_python_deps=no
lt_cv_ar_at_file=@
lt_cv_archive_cmds_need_lc=no
lt_cv_deplibs_check_method=pass_all
lt_cv_file_magic_cmd='$MAGIC_CMD'
lt_cv_file_magic_test_file=
lt_cv_ld_reload_flag=-r
lt_cv_nm_interface='BSD nm'
lt_cv_objdir=.libs
lt_cv_path_LD=/bin/ld
lt_cv_path_NM='/bin/nm -B'
lt_cv_path_mainfest_tool=no
lt_cv_prog_compiler_c_o=yes
lt_cv_prog_compiler_pic='-fPIC -DPIC'
lt_cv_prog_compiler_pic_works=yes
lt_cv_prog_compiler_rtti_exceptions=no
lt_cv_prog_compiler_static_works=yes
lt_cv_prog_gnu_ld=yes
lt_cv_sharedlib_from_linklib_cmd='printf %s\n'
lt_cv_shlibpath_overrides_runpath=yes
lt_cv_sys_global_symbol_pipe='sed -n -e '\''s/^.*[	 ]\([ABCDGIRSTW][ABCDGIRSTW]*\)[	 ][	 ]*\([_A-Za-z][_A-Za-z0-9]*\)$/\1 \2 \2/p'\'' | sed '\''/ __gnu_lto/d'\'''
lt_cv_sys_global_symbol_to_c_name_address='sed -n -e '\''s/^: \(.*\) .*$/  {"\1", (void *) 0},/p'\'' -e '\''s/^[ABCDGIRSTW][ABCDGIRSTW]* .* \(.*\)$/  {"\1", (void *) \&\1},/p'\'''
lt_cv_sys_global_symbol_to_c_name_address_lib_prefix='sed -n -e '\''s/^: \(.*\) .*$/  {"\1", (void *) 0},/p'\'' -e '\''s/^[ABCDGIRSTW][ABCDGIRSTW]* .* \(lib.*\)$/  {"\1", (void *) \&\1},/p'\'' -e '\''s/^[ABCDGIRSTW][ABCDGIRSTW]* .* \(.*\)$/  {"lib\1", (void *) \&\1},/p'\'''
lt_cv_sys_global_symbol_to_cdecl='sed -n -e '\''s/^T .* \(.*\)$/extern int \1();/p'\'' -e '\''s/^[ABCDGIRSTW][ABCDGIRSTW]* .* \(.*\)$/extern char \1;/p'\'''
lt_cv_sys_global_symbol_to_import=
lt_cv_sys_max_cmd_len=1572864
lt_cv_to_host_file_cmd=func_convert_file_noop
lt_cv_to_tool_file_cmd=func_convert_file_noop
lt_cv_truncate_bin='/bin/dd bs=4096 count=1'

## ----------------- ##
## Output variables. ##
## ----------------- ##

ACLOCAL='${SHELL} '\''/home/rubio/cjq/experiment/config/missing'\'' aclocal-1.16'
ALLOCA=''
AMDEPBACKSLASH='\'
AMDEP_FALSE='#'
AMDEP_TRUE=''
AMTAR='$${TAR-tar}'
AM_BACKSLASH='\'
AM_DEFAULT_V='$(AM_DEFAULT_VERBOSITY)'
AM_DEFAULT_VERBOSITY='0'
AM_V='$(V)'
AR='ar'
AS='as'
AUTOCONF='${SHELL} '\''/home/rubio/cjq/experiment/config/missing'\'' autoconf'
AUTOHEADER='${SHELL} '\''/home/rubio/cjq/experiment/config/missing'\'' autoheader'
AUTOMAKE='${SHELL} '\''/home/rubio/cjq/experiment/config/missing'\'' automake-1.16'
AWK='gawk'
BISON_VERSION=''
BUILD_ONIGURUMA_FALSE=''
BUILD_ONIGURUMA_TRUE='#'
BUNDLER=''
CC='gcc'
CCDEPMODE='depmode=gcc3'
CFLAGS='-g -O2 -pthread'
CPP='gcc -E'
CPPFLAGS=''
CSCOPE='cscope'
CTAGS='ctags'
CYGPATH_W='echo'
DEFS='-DPACKAGE_NAME=\"jq\" -DPACKAGE_TARNAME=\"jq\" -DPACKAGE_VERSION=\"1.7.1-27-g913b264-dirty\" -DPACKAGE_STRING=\"jq\ 1.7.1-27-g913b264-dirty\" -DPACKAGE_BUGREPORT=\"https://github.com/jqlang/jq/issues\" -DPACKAGE_URL=\"https://jqlang.github.io/jq\" -DHAVE_STDIO_H=1 -DHAVE_STDLIB_H=1 -DHAVE_STRING_H=1 -DHAVE_INTTYPES_H=1 -DHAVE_STDINT_H=1 -DHAVE_STRINGS_H=1 -DHAVE_SYS_STAT_H=1 -DHAVE_SYS_TYPES_H=1 -DHAVE_UNISTD_H=1 -DHAVE_WCHAR_H=1 -DSTDC_HEADERS=1 -D_ALL_SOURCE=1 -D_DARWIN_C_SOURCE=1 -D_GNU_SOURCE=1 -D_HPUX_ALT_XOPEN_SOCKET_API=1 -D_NETBSD_SOURCE=1 -D_OPENBSD_SOURCE=1 -D_POSIX_PTHREAD_SEMANTICS=1 -D__STDC_WANT_IEC_60559_ATTRIBS_EXT__=1 -D__STDC_WANT_IEC_60559_BFP_EXT__=1 -D__STDC_WANT_IEC_60559_DFP_EXT__=1 -D__STDC_WANT_IEC_60559_FUNCS_EXT__=1 -D__STDC_WANT_IEC_60559_TYPES_EXT__=1 -D__STDC_WANT_LIB_EXT2__=1 -D__STDC_WANT_MATH_SPEC_FUNCS__=1 -D_TANDEM_SOURCE=1 -D__EXTENSIONS__=1 -DPACKAGE=\"jq\" -DVERSION=\"1.7.1-27-g913b264-dirty\" -DHAVE_DLFCN_H=1 -DLT_OBJDIR=\".libs/\" -DHAVE_MEMMEM=1 -DUSE_DECNUM=1 -DHAVE_PTHREAD_PRIO_INHERIT=1 -DHAVE_PTHREAD=1 -DHAVE_ALLOCA_H=1 -DHAVE_ALLOCA=1 -DHAVE_ISATTY=1 -DHAVE_STRPTIME=1 -DHAVE_STRFTIME=1 -DHAVE_SETENV=1 -DHAVE_TIMEGM=1 -DHAVE_GMTIME_R=1 -DHAVE_GMTIME=1 -DHAVE_LOCALTIME_R=1 -DHAVE_LOCALTIME=1 -DHAVE_GETTIMEOFDAY=1 -DHAVE_TM_TM_GMT_OFF=1 -DHAVE_SETLOCALE=1 -DHAVE_PTHREAD_KEY_CREATE=1 -DHAVE_PTHREAD_ONCE=1 -DHAVE_ATEXIT=1 -DHAVE_ACOS=1 -DHAVE_ACOSH=1 -DHAVE_ASIN=1 -DHAVE_ASINH=1 -DHAVE_ATAN2=1 -DHAVE_ATAN=1 -DHAVE_ATANH=1 -DHAVE_CBRT=1 -DHAVE_CEIL=1 -DHAVE_COPYSIGN=1 -DHAVE_COS=1 -DHAVE_COSH=1 -DHAVE_DREM=1 -DHAVE_ERF=1 -DHAVE_ERFC=1 -DHAVE_EXP10=1 -DHAVE_EXP2=1 -DHAVE_EXP=1 -DHAVE_EXPM1=1 -DHAVE_FABS=1 -DHAVE_FDIM=1 -DHAVE_FLOOR=1 -DHAVE_FMA=1 -DHAVE_FMAX=1 -DHAVE_FMIN=1 -DHAVE_FMOD=1 -DHAVE_FREXP=1 -DHAVE_GAMMA=1 -DHAVE_HYPOT=1 -DHAVE_J0=1 -DHAVE_J1=1 -DHAVE_JN=1 -DHAVE_LDEXP=1 -DHAVE_LGAMMA=1 -DHAVE_LOG10=1 -DHAVE_LOG1P=1 -DHAVE_LOG2=1 -DHAVE_LOG=1 -DHAVE_LOGB=1 -DHAVE_MODF=1 -DHAVE_LGAMMA_R=1 -DHAVE_NEARBYINT=1 -DHAVE_NEXTAFTER=1 -DHAVE_NEXTTOWARD=1 -DHAVE_POW=1 -DHAVE_REMAINDER=1 -DHAVE_RINT=1 -DHAVE_ROUND=1 -DHAVE_SCALB=1 -DHAVE_SCALBLN=1 -DHAVE_SIGNIFICAND=1 -DHAVE_SCALBN=1 -DHAVE_ILOGB=1 -DHAVE_SIN=1 -DHAVE_SINH=1 -DHAVE_SQRT=1 -DHAVE_TAN=1 -DHAVE_TANH=1 -DHAVE_TGAMMA=1 -DHAVE_TRUNC=1 -DHAVE_Y0=1 -DHAVE_Y1=1 -DHAVE_YN=1 -DHAVE___THREAD=1 -DIEEE_8087=1 -DHAVE_LIBONIG=1'
DEPDIR='.deps'
DLLTOOL='false'
DSYMUTIL=''
DUMPBIN=''
ECHO_C=''
ECHO_N='-n'
ECHO_T=''
EGREP='/bin/grep -E'
ENABLE_ALL_STATIC_FALSE=''
ENABLE_ALL_STATIC_TRUE='#'
ENABLE_ASAN_FALSE=''
ENABLE_ASAN_TRUE='#'
ENABLE_DOCS_FALSE=''
ENABLE_DOCS_TRUE='#'
ENABLE_ERROR_INJECTION_FALSE=''
ENABLE_ERROR_INJECTION_TRUE='#'
ENABLE_GCOV_FALSE=''
ENABLE_GCOV_TRUE='#'
ENABLE_UBSAN_FALSE=''
ENABLE_UBSAN_TRUE='#'
ENABLE_VALGRIND_FALSE='#'
ENABLE_VALGRIND_TRUE=''
ETAGS='etags'
EXEEXT=''
FGREP='/bin/grep -F'
GREP='/bin/grep'
INSTALL_DATA='${INSTALL} -m 644'
INSTALL_PROGRAM='${INSTALL}'
INSTALL_SCRIPT='${INSTALL}'
INSTALL_STRIP_PROGRAM='$(install_sh) -c -s'
LD='/bin/ld -m elf_x86_64'
LDFLAGS=''
LEX=''
LIBOBJS=''
LIBS='-lonig -lpthread '
LIBTOOL='$(SHELL) $(top_builddir)/libtool'
LIB__isatty=''
LIB_atexit=''
LIB_gettimeofday=''
LIB_gmtime=''
LIB_gmtime_r=''
LIB_isatty=''
LIB_localtime=''
LIB_localtime_r=''
LIB_pthread_key_create=''
LIB_pthread_once=''
LIB_setenv=''
LIB_setlocale=''
LIB_strftime=''
LIB_strptime=''
LIB_timegm=''
LIPO=''
LN_S='ln -s'
LTLIBOBJS=''
LT_SYS_LIBRARY_PATH=''
MAINT='#'
MAINTAINER_MODE_FALSE=''
MAINTAINER_MODE_TRUE='#'
MAKEINFO='${SHELL} '\''/home/rubio/cjq/experiment/config/missing'\'' makeinfo'
MANIFEST_TOOL=':'
MKDIR_P='/bin/mkdir -p'
NM='/bin/nm -B'
NMEDIT=''
OBJDUMP='objdump'
OBJEXT='o'
OTOOL64=''
OTOOL=''
PACKAGE='jq'
PACKAGE_BUGREPORT='https://github.com/jqlang/jq/issues'
PACKAGE_NAME='jq'
PACKAGE_STRING='jq 1.7.1-27-g913b264-dirty'
PACKAGE_TARNAME='jq'
PACKAGE_URL='https://jqlang.github.io/jq'
PACKAGE_VERSION='1.7.1-27-g913b264-dirty'
PATH_SEPARATOR=':'
PIPENV=''
PTHREAD_CC='gcc'
PTHREAD_CFLAGS='-pthread'
PTHREAD_CXX=''
PTHREAD_LIBS='-lpthread'
RANLIB='ranlib'
SED='/bin/sed'
SET_MAKE=''
SHELL='/bin/bash'
STRIP='strip'
VERSION='1.7.1-27-g913b264-dirty'
WIN32_FALSE=''
WIN32_TRUE='#'
WITH_ONIGURUMA_FALSE='#'
WITH_ONIGURUMA_TRUE=''
YACC='bison -y'
YFLAGS=''
ac_ct_AR='ar'
ac_ct_CC='gcc'
ac_ct_DUMPBIN=''
am__EXEEXT_FALSE=''
am__EXEEXT_TRUE='#'
am__fastdepCC_FALSE='#'
am__fastdepCC_TRUE=''
am__include='include'
am__isrc=''
am__leading_dot='.'
am__nodep='_no'
am__quote=''
am__tar='$${TAR-tar} chof - "$$tardir"'
am__untar='$${TAR-tar} xf -'
ax_pthread_config=''
bindir='${exec_prefix}/bin'
build='x86_64-pc-linux-gnu'
build_alias=''
build_cpu='x86_64'
build_os='linux-gnu'
build_vendor='pc'
datadir='${datarootdir}'
datarootdir='${prefix}/share'
docdir='${datarootdir}/doc/${PACKAGE_TARNAME}'
dvidir='${docdir}'
exec_prefix='${prefix}'
host='x86_64-pc-linux-gnu'
host_alias=''
host_cpu='x86_64'
host_os='linux-gnu'
host_vendor='pc'
htmldir='${docdir}'
includedir='${prefix}/include'
infodir='${datarootdir}/info'
install_sh='${SHELL} /home/rubio/cjq/experiment/config/install-sh'
libdir='${exec_prefix}/lib'
libexecdir='${exec_prefix}/libexec'
localedir='${datarootdir}/locale'
localstatedir='${prefix}/var'
mandir='${datarootdir}/man'
mkdir_p='$(MKDIR_P)'
oldincludedir='/usr/include'
onig_CFLAGS=''
onig_LDFLAGS=''
pdfdir='${docdir}'
prefix='/usr/local'
program_transform_name='s,x,x,'
psdir='${docdir}'
runstatedir='${localstatedir}/run'
sbindir='${exec_prefix}/sbin'
sharedstatedir='${prefix}/com'
subdirs=''
sysconfdir='${prefix}/etc'
target_alias=''
valgrind_cmd='valgrind'

## ----------- ##
## confdefs.h. ##
## ----------- ##

/* confdefs.h */
#define PACKAGE_NAME "jq"
#define PACKAGE_TARNAME "jq"
#define PACKAGE_VERSION "1.7.1-27-g913b264-dirty"
#define PACKAGE_STRING "jq 1.7.1-27-g913b264-dirty"
#define PACKAGE_BUGREPORT "https://github.com/jqlang/jq/issues"
#define PACKAGE_URL "https://jqlang.github.io/jq"
#define HAVE_STDIO_H 1
#define HAVE_STDLIB_H 1
#define HAVE_STRING_H 1
#define HAVE_INTTYPES_H 1
#define HAVE_STDINT_H 1
#define HAVE_STRINGS_H 1
#define HAVE_SYS_STAT_H 1
#define HAVE_SYS_TYPES_H 1
#define HAVE_UNISTD_H 1
#define HAVE_WCHAR_H 1
#define STDC_HEADERS 1
#define _ALL_SOURCE 1
#define _DARWIN_C_SOURCE 1
#define _GNU_SOURCE 1
#define _HPUX_ALT_XOPEN_SOCKET_API 1
#define _NETBSD_SOURCE 1
#define _OPENBSD_SOURCE 1
#define _POSIX_PTHREAD_SEMANTICS 1
#define __STDC_WANT_IEC_60559_ATTRIBS_EXT__ 1
#define __STDC_WANT_IEC_60559_BFP_EXT__ 1
#define __STDC_WANT_IEC_60559_DFP_EXT__ 1
#define __STDC_WANT_IEC_60559_FUNCS_EXT__ 1
#define __STDC_WANT_IEC_60559_TYPES_EXT__ 1
#define __STDC_WANT_LIB_EXT2__ 1
#define __STDC_WANT_MATH_SPEC_FUNCS__ 1
#define _TANDEM_SOURCE 1
#define __EXTENSIONS__ 1
#define PACKAGE "jq"
#define VERSION "1.7.1-27-g913b264-dirty"
#define HAVE_DLFCN_H 1
#define LT_OBJDIR ".libs/"
#define HAVE_MEMMEM 1
#define USE_DECNUM 1
#define HAVE_PTHREAD_PRIO_INHERIT 1
#define HAVE_PTHREAD 1
#define HAVE_ALLOCA_H 1
#define HAVE_ALLOCA 1
#define HAVE_ISATTY 1
#define HAVE_STRPTIME 1
#define HAVE_STRFTIME 1
#define HAVE_SETENV 1
#define HAVE_TIMEGM 1
#define HAVE_GMTIME_R 1
#define HAVE_GMTIME 1
#define HAVE_LOCALTIME_R 1
#define HAVE_LOCALTIME 1
#define HAVE_GETTIMEOFDAY 1
#define HAVE_TM_TM_GMT_OFF 1
#define HAVE_SETLOCALE 1
#define HAVE_PTHREAD_KEY_CREATE 1
#define HAVE_PTHREAD_ONCE 1
#define HAVE_ATEXIT 1
#define HAVE_ACOS 1
#define HAVE_ACOSH 1
#define HAVE_ASIN 1
#define HAVE_ASINH 1
#define HAVE_ATAN2 1
#define HAVE_ATAN 1
#define HAVE_ATANH 1
#define HAVE_CBRT 1
#define HAVE_CEIL 1
#define HAVE_COPYSIGN 1
#define HAVE_COS 1
#define HAVE_COSH 1
#define HAVE_DREM 1
#define HAVE_ERF 1
#define HAVE_ERFC 1
#define HAVE_EXP10 1
#define HAVE_EXP2 1
#define HAVE_EXP 1
#define HAVE_EXPM1 1
#define HAVE_FABS 1
#define HAVE_FDIM 1
#define HAVE_FLOOR 1
#define HAVE_FMA 1
#define HAVE_FMAX 1
#define HAVE_FMIN 1
#define HAVE_FMOD 1
#define HAVE_FREXP 1
#define HAVE_GAMMA 1
#define HAVE_HYPOT 1
#define HAVE_J0 1
#define HAVE_J1 1
#define HAVE_JN 1
#define HAVE_LDEXP 1
#define HAVE_LGAMMA 1
#define HAVE_LOG10 1
#define HAVE_LOG1P 1
#define HAVE_LOG2 1
#define HAVE_LOG 1
#define HAVE_LOGB 1
#define HAVE_MODF 1
#define HAVE_LGAMMA_R 1
#define HAVE_NEARBYINT 1
#define HAVE_NEXTAFTER 1
#define HAVE_NEXTTOWARD 1
#define HAVE_POW 1
#define HAVE_REMAINDER 1
#define HAVE_RINT 1
#define HAVE_ROUND 1
#define HAVE_SCALB 1
#define HAVE_SCALBLN 1
#define HAVE_SIGNIFICAND 1
#define HAVE_SCALBN 1
#define HAVE_ILOGB 1
#define HAVE_SIN 1
#define HAVE_SINH 1
#define HAVE_SQRT 1
#define HAVE_TAN 1
#define HAVE_TANH 1
#define HAVE_TGAMMA 1
#define HAVE_TRUNC 1
#define HAVE_Y0 1
#define HAVE_Y1 1
#define HAVE_YN 1
#define HAVE___THREAD 1
#define IEEE_8087 1
#define HAVE_LIBONIG 1

configure: exit 0

## ---------------------- ##
## Running config.status. ##
## ---------------------- ##

This file was extended by jq config.status 1.7.1-27-g913b264-dirty, which was
generated by GNU Autoconf 2.71.  Invocation command line was

  CONFIG_FILES    = 
  CONFIG_HEADERS  = 
  CONFIG_LINKS    = 
  CONFIG_COMMANDS = 
  $ ./config.status 

on MSI

config.status:1073: creating Makefile
config.status:1073: creating libjq.pc
config.status:1245: executing depfiles commands
config.status:1322: cd .       && sed -e '/# am--include-marker/d' Makefile         | make -f - am--depfiles
make[1]: Entering directory '/home/rubio/cjq/experiment'
make[1]: Nothing to be done for 'am--depfiles'.
make[1]: Leaving directory '/home/rubio/cjq/experiment'
config.status:1327: $? = 0
config.status:1245: executing libtool commands
